-- The C compiler identification is GNU 11.4.0
-- The CXX compiler identification is GNU 11.4.0
-- Detecting C compiler ABI info
-- Detecting C compiler ABI info - done
-- Check for working C compiler: /usr/bin/cc - skipped
-- Detecting C compile features
-- Detecting C compile features - done
-- Detecting CXX compiler ABI info
-- Detecting CXX compiler ABI info - done
-- Check for working CXX compiler: /usr/bin/c++ - skipped
-- Detecting CXX compile features
-- Detecting CXX compile features - done
-- Found ament_cmake: 1.3.11 (/opt/ros/humble/share/ament_cmake/cmake)
-- Found Python3: /usr/bin/python3 (found version "3.10.12") found components: Interpreter 
-- Override CMake install command with custom implementation using symlinks instead of copying resources
-- Found rclpy: 3.3.16 (/opt/ros/humble/share/rclpy/cmake)
-- Found std_msgs: 4.9.0 (/opt/ros/humble/share/std_msgs/cmake)
-- Found rosidl_generator_c: 3.1.6 (/opt/ros/humble/share/rosidl_generator_c/cmake)
-- Found rosidl_adapter: 3.1.6 (/opt/ros/humble/share/rosidl_adapter/cmake)
-- Found rosidl_generator_cpp: 3.1.6 (/opt/ros/humble/share/rosidl_generator_cpp/cmake)
-- Using all available rosidl_typesupport_c: rosidl_typesupport_fastrtps_c;rosidl_typesupport_introspection_c
-- Using all available rosidl_typesupport_cpp: rosidl_typesupport_fastrtps_cpp;rosidl_typesupport_introspection_cpp
-- Found rosidl_default_generators: 1.2.0 (/opt/ros/humble/share/rosidl_default_generators/cmake)
-- Found ament_cmake_ros: 0.10.0 (/opt/ros/humble/share/ament_cmake_ros/cmake)
-- Using all available rosidl_typesupport_c: rosidl_typesupport_fastrtps_c;rosidl_typesupport_introspection_c
-- Using all available rosidl_typesupport_cpp: rosidl_typesupport_fastrtps_cpp;rosidl_typesupport_introspection_cpp
-- Found PythonInterp: /usr/bin/python3 (found suitable version "3.10.12", minimum required is "3.6") 
-- Found python_cmake_module: 0.10.0 (/opt/ros/humble/share/python_cmake_module/cmake)
-- Found PythonLibs: /usr/lib/x86_64-linux-gnu/libpython3.10.so (found suitable version "3.10.12", minimum required is "3.5") 
-- Using PYTHON_EXECUTABLE: /usr/bin/python3
-- Using PYTHON_INCLUDE_DIRS: /usr/include/python3.10
-- Using PYTHON_LIBRARIES: /usr/lib/x86_64-linux-gnu/libpython3.10.so
-- Found PythonExtra: .so  
-- Configuring done
-- Generating done
-- Build files have been written to: /home/hikikomori/Project/Robotic_work/LeapHandAPI_ws/src/build/leap_hand
[  1%] [34m[1mGenerating C code for ROS interfaces[0m
[  3%] [34m[1mGenerating C++ code for ROS interfaces[0m
[  3%] Built target ament_cmake_python_symlink_leap_hand
running egg_info
creating leap_hand.egg-info
writing leap_hand.egg-info/PKG-INFO
writing dependency_links to leap_hand.egg-info/dependency_links.txt
writing top-level names to leap_hand.egg-info/top_level.txt
writing manifest file 'leap_hand.egg-info/SOURCES.txt'
reading manifest file 'leap_hand.egg-info/SOURCES.txt'
writing manifest file 'leap_hand.egg-info/SOURCES.txt'
[  3%] Built target ament_cmake_python_build_leap_hand_egg
[  5%] [32mBuilding C object CMakeFiles/leap_hand__rosidl_generator_c.dir/rosidl_generator_c/leap_hand/srv/detail/leap_pos_vel_eff__functions.c.o[0m
[  7%] [32mBuilding C object CMakeFiles/leap_hand__rosidl_generator_c.dir/rosidl_generator_c/leap_hand/srv/detail/leap_position__functions.c.o[0m
[  9%] [32mBuilding C object CMakeFiles/leap_hand__rosidl_generator_c.dir/rosidl_generator_c/leap_hand/srv/detail/leap_velocity__functions.c.o[0m
[ 10%] [32mBuilding C object CMakeFiles/leap_hand__rosidl_generator_c.dir/rosidl_generator_c/leap_hand/srv/detail/leap_effort__functions.c.o[0m
[ 12%] [32m[1mLinking C shared library libleap_hand__rosidl_generator_c.so[0m
[ 12%] Built target leap_hand__rosidl_generator_c
[ 14%] [34m[1mGenerating C type support dispatch for ROS interfaces[0m
[ 18%] [34m[1mGenerating C introspection for ROS interfaces[0m
[ 18%] [34m[1mGenerating C type support for eProsima Fast-RTPS[0m
[ 18%] Built target leap_hand__cpp
[ 21%] [34m[1mGenerating C++ type support dispatch for ROS interfaces[0m
[ 21%] [34m[1mGenerating C++ type support for eProsima Fast-RTPS[0m
[ 23%] [34m[1mGenerating C++ introspection for ROS interfaces[0m
[ 27%] [32mBuilding CXX object CMakeFiles/leap_hand__rosidl_typesupport_cpp.dir/rosidl_typesupport_cpp/leap_hand/srv/leap_pos_vel_eff__type_support.cpp.o[0m
[ 27%] [32mBuilding CXX object CMakeFiles/leap_hand__rosidl_typesupport_cpp.dir/rosidl_typesupport_cpp/leap_hand/srv/leap_effort__type_support.cpp.o[0m
[ 29%] [32mBuilding CXX object CMakeFiles/leap_hand__rosidl_typesupport_cpp.dir/rosidl_typesupport_cpp/leap_hand/srv/leap_position__type_support.cpp.o[0m
[ 30%] [32mBuilding CXX object CMakeFiles/leap_hand__rosidl_typesupport_cpp.dir/rosidl_typesupport_cpp/leap_hand/srv/leap_velocity__type_support.cpp.o[0m
[ 34%] [32mBuilding CXX object CMakeFiles/leap_hand__rosidl_typesupport_fastrtps_c.dir/rosidl_typesupport_fastrtps_c/leap_hand/srv/detail/leap_velocity__type_support_c.cpp.o[0m
[ 34%] [32mBuilding CXX object CMakeFiles/leap_hand__rosidl_typesupport_fastrtps_c.dir/rosidl_typesupport_fastrtps_c/leap_hand/srv/detail/leap_pos_vel_eff__type_support_c.cpp.o[0m
[ 36%] [32mBuilding CXX object CMakeFiles/leap_hand__rosidl_typesupport_fastrtps_c.dir/rosidl_typesupport_fastrtps_c/leap_hand/srv/detail/leap_effort__type_support_c.cpp.o[0m
[ 38%] [32mBuilding CXX object CMakeFiles/leap_hand__rosidl_typesupport_fastrtps_c.dir/rosidl_typesupport_fastrtps_c/leap_hand/srv/detail/leap_position__type_support_c.cpp.o[0m
[ 40%] [32mBuilding CXX object CMakeFiles/leap_hand__rosidl_typesupport_introspection_cpp.dir/rosidl_typesupport_introspection_cpp/leap_hand/srv/detail/leap_velocity__type_support.cpp.o[0m
[ 41%] [32mBuilding CXX object CMakeFiles/leap_hand__rosidl_typesupport_introspection_cpp.dir/rosidl_typesupport_introspection_cpp/leap_hand/srv/detail/leap_pos_vel_eff__type_support.cpp.o[0m
[ 43%] [32mBuilding CXX object CMakeFiles/leap_hand__rosidl_typesupport_introspection_cpp.dir/rosidl_typesupport_introspection_cpp/leap_hand/srv/detail/leap_position__type_support.cpp.o[0m
[ 45%] [32mBuilding CXX object CMakeFiles/leap_hand__rosidl_typesupport_introspection_cpp.dir/rosidl_typesupport_introspection_cpp/leap_hand/srv/detail/leap_effort__type_support.cpp.o[0m
[ 49%] [32mBuilding CXX object CMakeFiles/leap_hand__rosidl_typesupport_c.dir/rosidl_typesupport_c/leap_hand/srv/leap_velocity__type_support.cpp.o[0m
[ 49%] [32mBuilding CXX object CMakeFiles/leap_hand__rosidl_typesupport_c.dir/rosidl_typesupport_c/leap_hand/srv/leap_effort__type_support.cpp.o[0m
[ 50%] [32mBuilding CXX object CMakeFiles/leap_hand__rosidl_typesupport_c.dir/rosidl_typesupport_c/leap_hand/srv/leap_pos_vel_eff__type_support.cpp.o[0m
[ 52%] [32mBuilding CXX object CMakeFiles/leap_hand__rosidl_typesupport_c.dir/rosidl_typesupport_c/leap_hand/srv/leap_position__type_support.cpp.o[0m
[ 54%] [32mBuilding CXX object CMakeFiles/leap_hand__rosidl_typesupport_fastrtps_cpp.dir/rosidl_typesupport_fastrtps_cpp/leap_hand/srv/detail/dds_fastrtps/leap_position__type_support.cpp.o[0m
[ 56%] [32mBuilding CXX object CMakeFiles/leap_hand__rosidl_typesupport_fastrtps_cpp.dir/rosidl_typesupport_fastrtps_cpp/leap_hand/srv/detail/dds_fastrtps/leap_velocity__type_support.cpp.o[0m
[ 58%] [32mBuilding CXX object CMakeFiles/leap_hand__rosidl_typesupport_fastrtps_cpp.dir/rosidl_typesupport_fastrtps_cpp/leap_hand/srv/detail/dds_fastrtps/leap_effort__type_support.cpp.o[0m
[ 60%] [32mBuilding CXX object CMakeFiles/leap_hand__rosidl_typesupport_fastrtps_cpp.dir/rosidl_typesupport_fastrtps_cpp/leap_hand/srv/detail/dds_fastrtps/leap_pos_vel_eff__type_support.cpp.o[0m
[ 61%] [32m[1mLinking CXX shared library libleap_hand__rosidl_typesupport_c.so[0m
[ 61%] Built target leap_hand__rosidl_typesupport_c
[ 67%] [32mBuilding C object CMakeFiles/leap_hand__rosidl_typesupport_introspection_c.dir/rosidl_typesupport_introspection_c/leap_hand/srv/detail/leap_position__type_support.c.o[0m
[ 67%] [32mBuilding C object CMakeFiles/leap_hand__rosidl_typesupport_introspection_c.dir/rosidl_typesupport_introspection_c/leap_hand/srv/detail/leap_velocity__type_support.c.o[0m
[ 67%] [32mBuilding C object CMakeFiles/leap_hand__rosidl_typesupport_introspection_c.dir/rosidl_typesupport_introspection_c/leap_hand/srv/detail/leap_pos_vel_eff__type_support.c.o[0m
[ 69%] [32mBuilding C object CMakeFiles/leap_hand__rosidl_typesupport_introspection_c.dir/rosidl_typesupport_introspection_c/leap_hand/srv/detail/leap_effort__type_support.c.o[0m
[ 70%] [32m[1mLinking C shared library libleap_hand__rosidl_typesupport_introspection_c.so[0m
[ 70%] Built target leap_hand__rosidl_typesupport_introspection_c
[ 72%] [32m[1mLinking CXX shared library libleap_hand__rosidl_typesupport_cpp.so[0m
[ 72%] Built target leap_hand__rosidl_typesupport_cpp
[ 74%] [32m[1mLinking CXX shared library libleap_hand__rosidl_typesupport_fastrtps_c.so[0m
[ 74%] Built target leap_hand__rosidl_typesupport_fastrtps_c
[ 76%] [32m[1mLinking CXX shared library libleap_hand__rosidl_typesupport_introspection_cpp.so[0m
[ 78%] [32m[1mLinking CXX shared library libleap_hand__rosidl_typesupport_fastrtps_cpp.so[0m
[ 78%] Built target leap_hand__rosidl_typesupport_introspection_cpp
[ 78%] Built target leap_hand__rosidl_typesupport_fastrtps_cpp
[ 78%] Built target leap_hand
[ 80%] [34m[1mGenerating Python code for ROS interfaces[0m
[ 80%] Built target leap_hand__py
[ 83%] [32mBuilding C object CMakeFiles/leap_hand__rosidl_generator_py.dir/rosidl_generator_py/leap_hand/srv/_leap_position_s.c.o[0m
[ 83%] [32mBuilding C object CMakeFiles/leap_hand__rosidl_generator_py.dir/rosidl_generator_py/leap_hand/srv/_leap_effort_s.c.o[0m
[ 85%] [32mBuilding C object CMakeFiles/leap_hand__rosidl_generator_py.dir/rosidl_generator_py/leap_hand/srv/_leap_velocity_s.c.o[0m
[ 87%] [32mBuilding C object CMakeFiles/leap_hand__rosidl_generator_py.dir/rosidl_generator_py/leap_hand/srv/_leap_pos_vel_eff_s.c.o[0m
[ 89%] [32m[1mLinking C shared library rosidl_generator_py/leap_hand/libleap_hand__rosidl_generator_py.so[0m
[ 89%] Built target leap_hand__rosidl_generator_py
[ 90%] [32mBuilding C object CMakeFiles/leap_hand__rosidl_typesupport_fastrtps_c__pyext.dir/rosidl_generator_py/leap_hand/_leap_hand_s.ep.rosidl_typesupport_fastrtps_c.c.o[0m
[ 94%] [32mBuilding C object CMakeFiles/leap_hand__rosidl_typesupport_introspection_c__pyext.dir/rosidl_generator_py/leap_hand/_leap_hand_s.ep.rosidl_typesupport_introspection_c.c.o[0m
[ 94%] [32mBuilding C object CMakeFiles/leap_hand__rosidl_typesupport_c__pyext.dir/rosidl_generator_py/leap_hand/_leap_hand_s.ep.rosidl_typesupport_c.c.o[0m
[ 96%] [32m[1mLinking C shared library rosidl_generator_py/leap_hand/leap_hand_s__rosidl_typesupport_c.cpython-310-x86_64-linux-gnu.so[0m
[ 98%] [32m[1mLinking C shared library rosidl_generator_py/leap_hand/leap_hand_s__rosidl_typesupport_fastrtps_c.cpython-310-x86_64-linux-gnu.so[0m
[100%] [32m[1mLinking C shared library rosidl_generator_py/leap_hand/leap_hand_s__rosidl_typesupport_introspection_c.cpython-310-x86_64-linux-gnu.so[0m
[100%] Built target leap_hand__rosidl_typesupport_c__pyext
[100%] Built target leap_hand__rosidl_typesupport_fastrtps_c__pyext
[100%] Built target leap_hand__rosidl_typesupport_introspection_c__pyext
-- Install configuration: ""
-- Execute custom install script
-- Symlinking: /home/hikikomori/Project/Robotic_work/LeapHandAPI_ws/src/install/leap_hand/share/ament_index/resource_index/rosidl_interfaces/leap_hand
-- Symlinking: /home/hikikomori/Project/Robotic_work/LeapHandAPI_ws/src/install/leap_hand/include/leap_hand/leap_hand/msg/rosidl_generator_c__visibility_control.h
-- Symlinking: /home/hikikomori/Project/Robotic_work/LeapHandAPI_ws/src/install/leap_hand/include/leap_hand/leap_hand/srv/detail/leap_effort__functions.h
-- Symlinking: /home/hikikomori/Project/Robotic_work/LeapHandAPI_ws/src/install/leap_hand/include/leap_hand/leap_hand/srv/detail/leap_effort__struct.h
-- Symlinking: /home/hikikomori/Project/Robotic_work/LeapHandAPI_ws/src/install/leap_hand/include/leap_hand/leap_hand/srv/detail/leap_effort__type_support.h
-- Symlinking: /home/hikikomori/Project/Robotic_work/LeapHandAPI_ws/src/install/leap_hand/include/leap_hand/leap_hand/srv/detail/leap_pos_vel_eff__functions.h
-- Symlinking: /home/hikikomori/Project/Robotic_work/LeapHandAPI_ws/src/install/leap_hand/include/leap_hand/leap_hand/srv/detail/leap_pos_vel_eff__struct.h
-- Symlinking: /home/hikikomori/Project/Robotic_work/LeapHandAPI_ws/src/install/leap_hand/include/leap_hand/leap_hand/srv/detail/leap_pos_vel_eff__type_support.h
-- Symlinking: /home/hikikomori/Project/Robotic_work/LeapHandAPI_ws/src/install/leap_hand/include/leap_hand/leap_hand/srv/detail/leap_position__functions.h
-- Symlinking: /home/hikikomori/Project/Robotic_work/LeapHandAPI_ws/src/install/leap_hand/include/leap_hand/leap_hand/srv/detail/leap_position__struct.h
-- Symlinking: /home/hikikomori/Project/Robotic_work/LeapHandAPI_ws/src/install/leap_hand/include/leap_hand/leap_hand/srv/detail/leap_position__type_support.h
-- Symlinking: /home/hikikomori/Project/Robotic_work/LeapHandAPI_ws/src/install/leap_hand/include/leap_hand/leap_hand/srv/detail/leap_velocity__functions.h
-- Symlinking: /home/hikikomori/Project/Robotic_work/LeapHandAPI_ws/src/install/leap_hand/include/leap_hand/leap_hand/srv/detail/leap_velocity__struct.h
-- Symlinking: /home/hikikomori/Project/Robotic_work/LeapHandAPI_ws/src/install/leap_hand/include/leap_hand/leap_hand/srv/detail/leap_velocity__type_support.h
-- Symlinking: /home/hikikomori/Project/Robotic_work/LeapHandAPI_ws/src/install/leap_hand/include/leap_hand/leap_hand/srv/leap_effort.h
-- Symlinking: /home/hikikomori/Project/Robotic_work/LeapHandAPI_ws/src/install/leap_hand/include/leap_hand/leap_hand/srv/leap_pos_vel_eff.h
-- Symlinking: /home/hikikomori/Project/Robotic_work/LeapHandAPI_ws/src/install/leap_hand/include/leap_hand/leap_hand/srv/leap_position.h
-- Symlinking: /home/hikikomori/Project/Robotic_work/LeapHandAPI_ws/src/install/leap_hand/include/leap_hand/leap_hand/srv/leap_velocity.h
-- Symlinking: /home/hikikomori/Project/Robotic_work/LeapHandAPI_ws/src/install/leap_hand/share/leap_hand/environment/library_path.sh
-- Symlinking: /home/hikikomori/Project/Robotic_work/LeapHandAPI_ws/src/install/leap_hand/share/leap_hand/environment/library_path.dsv
-- Symlinking: /home/hikikomori/Project/Robotic_work/LeapHandAPI_ws/src/install/leap_hand/include/leap_hand/leap_hand/msg/rosidl_typesupport_fastrtps_c__visibility_control.h
-- Symlinking: /home/hikikomori/Project/Robotic_work/LeapHandAPI_ws/src/install/leap_hand/include/leap_hand/leap_hand/srv/detail/leap_effort__rosidl_typesupport_fastrtps_c.h
-- Symlinking: /home/hikikomori/Project/Robotic_work/LeapHandAPI_ws/src/install/leap_hand/include/leap_hand/leap_hand/srv/detail/leap_pos_vel_eff__rosidl_typesupport_fastrtps_c.h
-- Symlinking: /home/hikikomori/Project/Robotic_work/LeapHandAPI_ws/src/install/leap_hand/include/leap_hand/leap_hand/srv/detail/leap_position__rosidl_typesupport_fastrtps_c.h
-- Symlinking: /home/hikikomori/Project/Robotic_work/LeapHandAPI_ws/src/install/leap_hand/include/leap_hand/leap_hand/srv/detail/leap_velocity__rosidl_typesupport_fastrtps_c.h
-- Symlinking: /home/hikikomori/Project/Robotic_work/LeapHandAPI_ws/src/install/leap_hand/include/leap_hand/leap_hand/msg/rosidl_generator_cpp__visibility_control.hpp
-- Symlinking: /home/hikikomori/Project/Robotic_work/LeapHandAPI_ws/src/install/leap_hand/include/leap_hand/leap_hand/srv/detail/leap_effort__builder.hpp
-- Symlinking: /home/hikikomori/Project/Robotic_work/LeapHandAPI_ws/src/install/leap_hand/include/leap_hand/leap_hand/srv/detail/leap_effort__struct.hpp
-- Symlinking: /home/hikikomori/Project/Robotic_work/LeapHandAPI_ws/src/install/leap_hand/include/leap_hand/leap_hand/srv/detail/leap_effort__traits.hpp
-- Symlinking: /home/hikikomori/Project/Robotic_work/LeapHandAPI_ws/src/install/leap_hand/include/leap_hand/leap_hand/srv/detail/leap_effort__type_support.hpp
-- Symlinking: /home/hikikomori/Project/Robotic_work/LeapHandAPI_ws/src/install/leap_hand/include/leap_hand/leap_hand/srv/detail/leap_pos_vel_eff__builder.hpp
-- Symlinking: /home/hikikomori/Project/Robotic_work/LeapHandAPI_ws/src/install/leap_hand/include/leap_hand/leap_hand/srv/detail/leap_pos_vel_eff__struct.hpp
-- Symlinking: /home/hikikomori/Project/Robotic_work/LeapHandAPI_ws/src/install/leap_hand/include/leap_hand/leap_hand/srv/detail/leap_pos_vel_eff__traits.hpp
-- Symlinking: /home/hikikomori/Project/Robotic_work/LeapHandAPI_ws/src/install/leap_hand/include/leap_hand/leap_hand/srv/detail/leap_pos_vel_eff__type_support.hpp
-- Symlinking: /home/hikikomori/Project/Robotic_work/LeapHandAPI_ws/src/install/leap_hand/include/leap_hand/leap_hand/srv/detail/leap_position__builder.hpp
-- Symlinking: /home/hikikomori/Project/Robotic_work/LeapHandAPI_ws/src/install/leap_hand/include/leap_hand/leap_hand/srv/detail/leap_position__struct.hpp
-- Symlinking: /home/hikikomori/Project/Robotic_work/LeapHandAPI_ws/src/install/leap_hand/include/leap_hand/leap_hand/srv/detail/leap_position__traits.hpp
-- Symlinking: /home/hikikomori/Project/Robotic_work/LeapHandAPI_ws/src/install/leap_hand/include/leap_hand/leap_hand/srv/detail/leap_position__type_support.hpp
-- Symlinking: /home/hikikomori/Project/Robotic_work/LeapHandAPI_ws/src/install/leap_hand/include/leap_hand/leap_hand/srv/detail/leap_velocity__builder.hpp
-- Symlinking: /home/hikikomori/Project/Robotic_work/LeapHandAPI_ws/src/install/leap_hand/include/leap_hand/leap_hand/srv/detail/leap_velocity__struct.hpp
-- Symlinking: /home/hikikomori/Project/Robotic_work/LeapHandAPI_ws/src/install/leap_hand/include/leap_hand/leap_hand/srv/detail/leap_velocity__traits.hpp
-- Symlinking: /home/hikikomori/Project/Robotic_work/LeapHandAPI_ws/src/install/leap_hand/include/leap_hand/leap_hand/srv/detail/leap_velocity__type_support.hpp
-- Symlinking: /home/hikikomori/Project/Robotic_work/LeapHandAPI_ws/src/install/leap_hand/include/leap_hand/leap_hand/srv/leap_effort.hpp
-- Symlinking: /home/hikikomori/Project/Robotic_work/LeapHandAPI_ws/src/install/leap_hand/include/leap_hand/leap_hand/srv/leap_pos_vel_eff.hpp
-- Symlinking: /home/hikikomori/Project/Robotic_work/LeapHandAPI_ws/src/install/leap_hand/include/leap_hand/leap_hand/srv/leap_position.hpp
-- Symlinking: /home/hikikomori/Project/Robotic_work/LeapHandAPI_ws/src/install/leap_hand/include/leap_hand/leap_hand/srv/leap_velocity.hpp
-- Symlinking: /home/hikikomori/Project/Robotic_work/LeapHandAPI_ws/src/install/leap_hand/include/leap_hand/leap_hand/msg/rosidl_typesupport_fastrtps_cpp__visibility_control.h
-- Symlinking: /home/hikikomori/Project/Robotic_work/LeapHandAPI_ws/src/install/leap_hand/include/leap_hand/leap_hand/srv/detail/leap_effort__rosidl_typesupport_fastrtps_cpp.hpp
-- Symlinking: /home/hikikomori/Project/Robotic_work/LeapHandAPI_ws/src/install/leap_hand/include/leap_hand/leap_hand/srv/detail/leap_pos_vel_eff__rosidl_typesupport_fastrtps_cpp.hpp
-- Symlinking: /home/hikikomori/Project/Robotic_work/LeapHandAPI_ws/src/install/leap_hand/include/leap_hand/leap_hand/srv/detail/leap_position__rosidl_typesupport_fastrtps_cpp.hpp
-- Symlinking: /home/hikikomori/Project/Robotic_work/LeapHandAPI_ws/src/install/leap_hand/include/leap_hand/leap_hand/srv/detail/leap_velocity__rosidl_typesupport_fastrtps_cpp.hpp
-- Symlinking: /home/hikikomori/Project/Robotic_work/LeapHandAPI_ws/src/install/leap_hand/include/leap_hand/leap_hand/msg/rosidl_typesupport_introspection_c__visibility_control.h
-- Symlinking: /home/hikikomori/Project/Robotic_work/LeapHandAPI_ws/src/install/leap_hand/include/leap_hand/leap_hand/srv/detail/leap_effort__rosidl_typesupport_introspection_c.h
-- Symlinking: /home/hikikomori/Project/Robotic_work/LeapHandAPI_ws/src/install/leap_hand/include/leap_hand/leap_hand/srv/detail/leap_pos_vel_eff__rosidl_typesupport_introspection_c.h
-- Symlinking: /home/hikikomori/Project/Robotic_work/LeapHandAPI_ws/src/install/leap_hand/include/leap_hand/leap_hand/srv/detail/leap_position__rosidl_typesupport_introspection_c.h
-- Symlinking: /home/hikikomori/Project/Robotic_work/LeapHandAPI_ws/src/install/leap_hand/include/leap_hand/leap_hand/srv/detail/leap_velocity__rosidl_typesupport_introspection_c.h
-- Symlinking: /home/hikikomori/Project/Robotic_work/LeapHandAPI_ws/src/install/leap_hand/include/leap_hand/leap_hand/srv/detail/leap_effort__rosidl_typesupport_introspection_cpp.hpp
-- Symlinking: /home/hikikomori/Project/Robotic_work/LeapHandAPI_ws/src/install/leap_hand/include/leap_hand/leap_hand/srv/detail/leap_pos_vel_eff__rosidl_typesupport_introspection_cpp.hpp
-- Symlinking: /home/hikikomori/Project/Robotic_work/LeapHandAPI_ws/src/install/leap_hand/include/leap_hand/leap_hand/srv/detail/leap_position__rosidl_typesupport_introspection_cpp.hpp
-- Symlinking: /home/hikikomori/Project/Robotic_work/LeapHandAPI_ws/src/install/leap_hand/include/leap_hand/leap_hand/srv/detail/leap_velocity__rosidl_typesupport_introspection_cpp.hpp
-- Symlinking: /home/hikikomori/Project/Robotic_work/LeapHandAPI_ws/src/install/leap_hand/share/leap_hand/environment/pythonpath.sh
-- Symlinking: /home/hikikomori/Project/Robotic_work/LeapHandAPI_ws/src/install/leap_hand/share/leap_hand/environment/pythonpath.dsv
-- Symlinking: /home/hikikomori/Project/Robotic_work/LeapHandAPI_ws/src/install/leap_hand/local/lib/python3.10/dist-packages/leap_hand-0.0.0-py3.10.egg-info/PKG-INFO
-- Symlinking: /home/hikikomori/Project/Robotic_work/LeapHandAPI_ws/src/install/leap_hand/local/lib/python3.10/dist-packages/leap_hand-0.0.0-py3.10.egg-info/SOURCES.txt
-- Symlinking: /home/hikikomori/Project/Robotic_work/LeapHandAPI_ws/src/install/leap_hand/local/lib/python3.10/dist-packages/leap_hand-0.0.0-py3.10.egg-info/dependency_links.txt
-- Symlinking: /home/hikikomori/Project/Robotic_work/LeapHandAPI_ws/src/install/leap_hand/local/lib/python3.10/dist-packages/leap_hand-0.0.0-py3.10.egg-info/top_level.txt
-- Symlinking: /home/hikikomori/Project/Robotic_work/LeapHandAPI_ws/src/install/leap_hand/local/lib/python3.10/dist-packages/leap_hand/__init__.py
-- Symlinking: /home/hikikomori/Project/Robotic_work/LeapHandAPI_ws/src/install/leap_hand/local/lib/python3.10/dist-packages/leap_hand/_leap_hand_s.ep.rosidl_typesupport_c.c
-- Symlinking: /home/hikikomori/Project/Robotic_work/LeapHandAPI_ws/src/install/leap_hand/local/lib/python3.10/dist-packages/leap_hand/_leap_hand_s.ep.rosidl_typesupport_fastrtps_c.c
-- Symlinking: /home/hikikomori/Project/Robotic_work/LeapHandAPI_ws/src/install/leap_hand/local/lib/python3.10/dist-packages/leap_hand/_leap_hand_s.ep.rosidl_typesupport_introspection_c.c
-- Symlinking: /home/hikikomori/Project/Robotic_work/LeapHandAPI_ws/src/install/leap_hand/local/lib/python3.10/dist-packages/leap_hand/leap_hand_s__rosidl_typesupport_c.cpython-310-x86_64-linux-gnu.so
-- Symlinking: /home/hikikomori/Project/Robotic_work/LeapHandAPI_ws/src/install/leap_hand/local/lib/python3.10/dist-packages/leap_hand/leap_hand_s__rosidl_typesupport_fastrtps_c.cpython-310-x86_64-linux-gnu.so
-- Symlinking: /home/hikikomori/Project/Robotic_work/LeapHandAPI_ws/src/install/leap_hand/local/lib/python3.10/dist-packages/leap_hand/leap_hand_s__rosidl_typesupport_introspection_c.cpython-310-x86_64-linux-gnu.so
-- Symlinking: /home/hikikomori/Project/Robotic_work/LeapHandAPI_ws/src/install/leap_hand/local/lib/python3.10/dist-packages/leap_hand/libleap_hand__rosidl_generator_py.so
-- Symlinking: /home/hikikomori/Project/Robotic_work/LeapHandAPI_ws/src/install/leap_hand/local/lib/python3.10/dist-packages/leap_hand/srv/__init__.py
-- Symlinking: /home/hikikomori/Project/Robotic_work/LeapHandAPI_ws/src/install/leap_hand/local/lib/python3.10/dist-packages/leap_hand/srv/_leap_effort.py
-- Symlinking: /home/hikikomori/Project/Robotic_work/LeapHandAPI_ws/src/install/leap_hand/local/lib/python3.10/dist-packages/leap_hand/srv/_leap_effort_s.c
-- Symlinking: /home/hikikomori/Project/Robotic_work/LeapHandAPI_ws/src/install/leap_hand/local/lib/python3.10/dist-packages/leap_hand/srv/_leap_pos_vel_eff.py
-- Symlinking: /home/hikikomori/Project/Robotic_work/LeapHandAPI_ws/src/install/leap_hand/local/lib/python3.10/dist-packages/leap_hand/srv/_leap_pos_vel_eff_s.c
-- Symlinking: /home/hikikomori/Project/Robotic_work/LeapHandAPI_ws/src/install/leap_hand/local/lib/python3.10/dist-packages/leap_hand/srv/_leap_position.py
-- Symlinking: /home/hikikomori/Project/Robotic_work/LeapHandAPI_ws/src/install/leap_hand/local/lib/python3.10/dist-packages/leap_hand/srv/_leap_position_s.c
-- Symlinking: /home/hikikomori/Project/Robotic_work/LeapHandAPI_ws/src/install/leap_hand/local/lib/python3.10/dist-packages/leap_hand/srv/_leap_velocity.py
-- Symlinking: /home/hikikomori/Project/Robotic_work/LeapHandAPI_ws/src/install/leap_hand/local/lib/python3.10/dist-packages/leap_hand/srv/_leap_velocity_s.c
-- Up-to-date symlink: /home/hikikomori/Project/Robotic_work/LeapHandAPI_ws/src/install/leap_hand/local/lib/python3.10/dist-packages/leap_hand/leap_hand_s__rosidl_typesupport_fastrtps_c.cpython-310-x86_64-linux-gnu.so
-- Up-to-date symlink: /home/hikikomori/Project/Robotic_work/LeapHandAPI_ws/src/install/leap_hand/local/lib/python3.10/dist-packages/leap_hand/leap_hand_s__rosidl_typesupport_introspection_c.cpython-310-x86_64-linux-gnu.so
-- Up-to-date symlink: /home/hikikomori/Project/Robotic_work/LeapHandAPI_ws/src/install/leap_hand/local/lib/python3.10/dist-packages/leap_hand/leap_hand_s__rosidl_typesupport_c.cpython-310-x86_64-linux-gnu.so
-- Symlinking: /home/hikikomori/Project/Robotic_work/LeapHandAPI_ws/src/install/leap_hand/share/leap_hand/srv/LeapVelocity.idl
-- Symlinking: /home/hikikomori/Project/Robotic_work/LeapHandAPI_ws/src/install/leap_hand/share/leap_hand/srv/LeapPosition.idl
-- Symlinking: /home/hikikomori/Project/Robotic_work/LeapHandAPI_ws/src/install/leap_hand/share/leap_hand/srv/LeapEffort.idl
-- Symlinking: /home/hikikomori/Project/Robotic_work/LeapHandAPI_ws/src/install/leap_hand/share/leap_hand/srv/LeapPosVelEff.idl
-- Symlinking: /home/hikikomori/Project/Robotic_work/LeapHandAPI_ws/src/install/leap_hand/share/leap_hand/srv/LeapVelocity.srv
-- Symlinking: /home/hikikomori/Project/Robotic_work/LeapHandAPI_ws/src/install/leap_hand/share/leap_hand/srv/LeapVelocity_Request.msg
-- Symlinking: /home/hikikomori/Project/Robotic_work/LeapHandAPI_ws/src/install/leap_hand/share/leap_hand/srv/LeapVelocity_Response.msg
-- Symlinking: /home/hikikomori/Project/Robotic_work/LeapHandAPI_ws/src/install/leap_hand/share/leap_hand/srv/LeapPosition.srv
-- Symlinking: /home/hikikomori/Project/Robotic_work/LeapHandAPI_ws/src/install/leap_hand/share/leap_hand/srv/LeapPosition_Request.msg
-- Symlinking: /home/hikikomori/Project/Robotic_work/LeapHandAPI_ws/src/install/leap_hand/share/leap_hand/srv/LeapPosition_Response.msg
-- Symlinking: /home/hikikomori/Project/Robotic_work/LeapHandAPI_ws/src/install/leap_hand/share/leap_hand/srv/LeapEffort.srv
-- Symlinking: /home/hikikomori/Project/Robotic_work/LeapHandAPI_ws/src/install/leap_hand/share/leap_hand/srv/LeapEffort_Request.msg
-- Symlinking: /home/hikikomori/Project/Robotic_work/LeapHandAPI_ws/src/install/leap_hand/share/leap_hand/srv/LeapEffort_Response.msg
-- Symlinking: /home/hikikomori/Project/Robotic_work/LeapHandAPI_ws/src/install/leap_hand/share/leap_hand/srv/LeapPosVelEff.srv
-- Symlinking: /home/hikikomori/Project/Robotic_work/LeapHandAPI_ws/src/install/leap_hand/share/leap_hand/srv/LeapPosVelEff_Request.msg
-- Symlinking: /home/hikikomori/Project/Robotic_work/LeapHandAPI_ws/src/install/leap_hand/share/leap_hand/srv/LeapPosVelEff_Response.msg
-- Symlinking: /home/hikikomori/Project/Robotic_work/LeapHandAPI_ws/src/install/leap_hand/share/ament_index/resource_index/package_run_dependencies/leap_hand
-- Symlinking: /home/hikikomori/Project/Robotic_work/LeapHandAPI_ws/src/install/leap_hand/share/ament_index/resource_index/parent_prefix_path/leap_hand
-- Symlinking: /home/hikikomori/Project/Robotic_work/LeapHandAPI_ws/src/install/leap_hand/share/leap_hand/environment/ament_prefix_path.sh
-- Symlinking: /home/hikikomori/Project/Robotic_work/LeapHandAPI_ws/src/install/leap_hand/share/leap_hand/environment/ament_prefix_path.dsv
-- Symlinking: /home/hikikomori/Project/Robotic_work/LeapHandAPI_ws/src/install/leap_hand/share/leap_hand/environment/path.sh
-- Symlinking: /home/hikikomori/Project/Robotic_work/LeapHandAPI_ws/src/install/leap_hand/share/leap_hand/environment/path.dsv
-- Symlinking: /home/hikikomori/Project/Robotic_work/LeapHandAPI_ws/src/install/leap_hand/share/leap_hand/local_setup.bash
-- Symlinking: /home/hikikomori/Project/Robotic_work/LeapHandAPI_ws/src/install/leap_hand/share/leap_hand/local_setup.sh
-- Symlinking: /home/hikikomori/Project/Robotic_work/LeapHandAPI_ws/src/install/leap_hand/share/leap_hand/local_setup.zsh
-- Symlinking: /home/hikikomori/Project/Robotic_work/LeapHandAPI_ws/src/install/leap_hand/share/leap_hand/local_setup.dsv
-- Symlinking: /home/hikikomori/Project/Robotic_work/LeapHandAPI_ws/src/install/leap_hand/share/leap_hand/package.dsv
-- Symlinking: /home/hikikomori/Project/Robotic_work/LeapHandAPI_ws/src/install/leap_hand/share/ament_index/resource_index/packages/leap_hand
-- Symlinking: /home/hikikomori/Project/Robotic_work/LeapHandAPI_ws/src/install/leap_hand/share/leap_hand/cmake/rosidl_cmake-extras.cmake
-- Symlinking: /home/hikikomori/Project/Robotic_work/LeapHandAPI_ws/src/install/leap_hand/share/leap_hand/cmake/ament_cmake_export_dependencies-extras.cmake
-- Symlinking: /home/hikikomori/Project/Robotic_work/LeapHandAPI_ws/src/install/leap_hand/share/leap_hand/cmake/ament_cmake_export_include_directories-extras.cmake
-- Symlinking: /home/hikikomori/Project/Robotic_work/LeapHandAPI_ws/src/install/leap_hand/share/leap_hand/cmake/ament_cmake_export_libraries-extras.cmake
-- Symlinking: /home/hikikomori/Project/Robotic_work/LeapHandAPI_ws/src/install/leap_hand/share/leap_hand/cmake/ament_cmake_export_targets-extras.cmake
-- Symlinking: /home/hikikomori/Project/Robotic_work/LeapHandAPI_ws/src/install/leap_hand/share/leap_hand/cmake/rosidl_cmake_export_typesupport_targets-extras.cmake
-- Symlinking: /home/hikikomori/Project/Robotic_work/LeapHandAPI_ws/src/install/leap_hand/share/leap_hand/cmake/rosidl_cmake_export_typesupport_libraries-extras.cmake
-- Symlinking: /home/hikikomori/Project/Robotic_work/LeapHandAPI_ws/src/install/leap_hand/share/leap_hand/cmake/leap_handConfig.cmake
-- Symlinking: /home/hikikomori/Project/Robotic_work/LeapHandAPI_ws/src/install/leap_hand/share/leap_hand/cmake/leap_handConfig-version.cmake
-- Symlinking: /home/hikikomori/Project/Robotic_work/LeapHandAPI_ws/src/install/leap_hand/share/leap_hand/package.xml
-- Symlinking: /home/hikikomori/Project/Robotic_work/LeapHandAPI_ws/src/install/leap_hand/lib/leap_hand/leaphand_node.py
-- Symlinking: /home/hikikomori/Project/Robotic_work/LeapHandAPI_ws/src/install/leap_hand/lib/leap_hand/ros2_example.py
-- Symlinking: /home/hikikomori/Project/Robotic_work/LeapHandAPI_ws/src/install/leap_hand/share/leap_hand/launch/launch_leap.py
-- Installing: /home/hikikomori/Project/Robotic_work/LeapHandAPI_ws/src/install/leap_hand/lib/libleap_hand__rosidl_generator_c.so
-- Set runtime path of "/home/hikikomori/Project/Robotic_work/LeapHandAPI_ws/src/install/leap_hand/lib/libleap_hand__rosidl_generator_c.so" to ""
-- Installing: /home/hikikomori/Project/Robotic_work/LeapHandAPI_ws/src/install/leap_hand/lib/libleap_hand__rosidl_typesupport_fastrtps_c.so
-- Set runtime path of "/home/hikikomori/Project/Robotic_work/LeapHandAPI_ws/src/install/leap_hand/lib/libleap_hand__rosidl_typesupport_fastrtps_c.so" to ""
-- Installing: /home/hikikomori/Project/Robotic_work/LeapHandAPI_ws/src/install/leap_hand/lib/libleap_hand__rosidl_typesupport_fastrtps_cpp.so
-- Set runtime path of "/home/hikikomori/Project/Robotic_work/LeapHandAPI_ws/src/install/leap_hand/lib/libleap_hand__rosidl_typesupport_fastrtps_cpp.so" to ""
-- Installing: /home/hikikomori/Project/Robotic_work/LeapHandAPI_ws/src/install/leap_hand/lib/libleap_hand__rosidl_typesupport_introspection_c.so
-- Set runtime path of "/home/hikikomori/Project/Robotic_work/LeapHandAPI_ws/src/install/leap_hand/lib/libleap_hand__rosidl_typesupport_introspection_c.so" to ""
-- Installing: /home/hikikomori/Project/Robotic_work/LeapHandAPI_ws/src/install/leap_hand/lib/libleap_hand__rosidl_typesupport_c.so
-- Set runtime path of "/home/hikikomori/Project/Robotic_work/LeapHandAPI_ws/src/install/leap_hand/lib/libleap_hand__rosidl_typesupport_c.so" to ""
-- Installing: /home/hikikomori/Project/Robotic_work/LeapHandAPI_ws/src/install/leap_hand/lib/libleap_hand__rosidl_typesupport_introspection_cpp.so
-- Set runtime path of "/home/hikikomori/Project/Robotic_work/LeapHandAPI_ws/src/install/leap_hand/lib/libleap_hand__rosidl_typesupport_introspection_cpp.so" to ""
-- Installing: /home/hikikomori/Project/Robotic_work/LeapHandAPI_ws/src/install/leap_hand/lib/libleap_hand__rosidl_typesupport_cpp.so
-- Set runtime path of "/home/hikikomori/Project/Robotic_work/LeapHandAPI_ws/src/install/leap_hand/lib/libleap_hand__rosidl_typesupport_cpp.so" to ""
Listing '/home/hikikomori/Project/Robotic_work/LeapHandAPI_ws/src/install/leap_hand/local/lib/python3.10/dist-packages/leap_hand'...
Compiling '/home/hikikomori/Project/Robotic_work/LeapHandAPI_ws/src/install/leap_hand/local/lib/python3.10/dist-packages/leap_hand/__init__.py'...
Listing '/home/hikikomori/Project/Robotic_work/LeapHandAPI_ws/src/install/leap_hand/local/lib/python3.10/dist-packages/leap_hand/srv'...
Compiling '/home/hikikomori/Project/Robotic_work/LeapHandAPI_ws/src/install/leap_hand/local/lib/python3.10/dist-packages/leap_hand/srv/__init__.py'...
Compiling '/home/hikikomori/Project/Robotic_work/LeapHandAPI_ws/src/install/leap_hand/local/lib/python3.10/dist-packages/leap_hand/srv/_leap_effort.py'...
Compiling '/home/hikikomori/Project/Robotic_work/LeapHandAPI_ws/src/install/leap_hand/local/lib/python3.10/dist-packages/leap_hand/srv/_leap_pos_vel_eff.py'...
Compiling '/home/hikikomori/Project/Robotic_work/LeapHandAPI_ws/src/install/leap_hand/local/lib/python3.10/dist-packages/leap_hand/srv/_leap_position.py'...
Compiling '/home/hikikomori/Project/Robotic_work/LeapHandAPI_ws/src/install/leap_hand/local/lib/python3.10/dist-packages/leap_hand/srv/_leap_velocity.py'...
-- Installing: /home/hikikomori/Project/Robotic_work/LeapHandAPI_ws/src/install/leap_hand/lib/libleap_hand__rosidl_generator_py.so
-- Set runtime path of "/home/hikikomori/Project/Robotic_work/LeapHandAPI_ws/src/install/leap_hand/lib/libleap_hand__rosidl_generator_py.so" to ""
-- Installing: /home/hikikomori/Project/Robotic_work/LeapHandAPI_ws/src/install/leap_hand/share/leap_hand/cmake/export_leap_hand__rosidl_generator_cExport.cmake
-- Installing: /home/hikikomori/Project/Robotic_work/LeapHandAPI_ws/src/install/leap_hand/share/leap_hand/cmake/export_leap_hand__rosidl_generator_cExport-noconfig.cmake
-- Installing: /home/hikikomori/Project/Robotic_work/LeapHandAPI_ws/src/install/leap_hand/share/leap_hand/cmake/export_leap_hand__rosidl_typesupport_fastrtps_cExport.cmake
-- Installing: /home/hikikomori/Project/Robotic_work/LeapHandAPI_ws/src/install/leap_hand/share/leap_hand/cmake/export_leap_hand__rosidl_typesupport_fastrtps_cExport-noconfig.cmake
-- Installing: /home/hikikomori/Project/Robotic_work/LeapHandAPI_ws/src/install/leap_hand/share/leap_hand/cmake/export_leap_hand__rosidl_generator_cppExport.cmake
-- Installing: /home/hikikomori/Project/Robotic_work/LeapHandAPI_ws/src/install/leap_hand/share/leap_hand/cmake/export_leap_hand__rosidl_typesupport_fastrtps_cppExport.cmake
-- Installing: /home/hikikomori/Project/Robotic_work/LeapHandAPI_ws/src/install/leap_hand/share/leap_hand/cmake/export_leap_hand__rosidl_typesupport_fastrtps_cppExport-noconfig.cmake
-- Installing: /home/hikikomori/Project/Robotic_work/LeapHandAPI_ws/src/install/leap_hand/share/leap_hand/cmake/leap_hand__rosidl_typesupport_introspection_cExport.cmake
-- Installing: /home/hikikomori/Project/Robotic_work/LeapHandAPI_ws/src/install/leap_hand/share/leap_hand/cmake/leap_hand__rosidl_typesupport_introspection_cExport-noconfig.cmake
-- Installing: /home/hikikomori/Project/Robotic_work/LeapHandAPI_ws/src/install/leap_hand/share/leap_hand/cmake/leap_hand__rosidl_typesupport_cExport.cmake
-- Installing: /home/hikikomori/Project/Robotic_work/LeapHandAPI_ws/src/install/leap_hand/share/leap_hand/cmake/leap_hand__rosidl_typesupport_cExport-noconfig.cmake
-- Installing: /home/hikikomori/Project/Robotic_work/LeapHandAPI_ws/src/install/leap_hand/share/leap_hand/cmake/leap_hand__rosidl_typesupport_introspection_cppExport.cmake
-- Installing: /home/hikikomori/Project/Robotic_work/LeapHandAPI_ws/src/install/leap_hand/share/leap_hand/cmake/leap_hand__rosidl_typesupport_introspection_cppExport-noconfig.cmake
-- Installing: /home/hikikomori/Project/Robotic_work/LeapHandAPI_ws/src/install/leap_hand/share/leap_hand/cmake/leap_hand__rosidl_typesupport_cppExport.cmake
-- Installing: /home/hikikomori/Project/Robotic_work/LeapHandAPI_ws/src/install/leap_hand/share/leap_hand/cmake/leap_hand__rosidl_typesupport_cppExport-noconfig.cmake
-- Installing: /home/hikikomori/Project/Robotic_work/LeapHandAPI_ws/src/install/leap_hand/share/leap_hand/cmake/export_leap_hand__rosidl_generator_pyExport.cmake
-- Installing: /home/hikikomori/Project/Robotic_work/LeapHandAPI_ws/src/install/leap_hand/share/leap_hand/cmake/export_leap_hand__rosidl_generator_pyExport-noconfig.cmake
