[0.010s] Invoking command in '/home/hikikomori/Project/Robotic_work/LeapHandAPI_ws/src/build/leap_hand': CMAKE_PREFIX_PATH=/opt/ros/humble /usr/bin/cmake /home/hikikomori/Project/Robotic_work/LeapHandAPI_ws/src/ros2_module -DAMENT_CMAKE_SYMLINK_INSTALL=1 -DCMAKE_INSTALL_PREFIX=/home/hikikomori/Project/Robotic_work/LeapHandAPI_ws/src/install/leap_hand
[0.105s] -- The C compiler identification is GNU 11.4.0
[0.200s] -- The CXX compiler identification is GNU 11.4.0
[0.211s] -- Detecting C compiler ABI info
[0.269s] -- Detecting C compiler ABI info - done
[0.276s] -- Check for working C compiler: /usr/bin/cc - skipped
[0.277s] -- Detecting C compile features
[0.277s] -- Detecting C compile features - done
[0.281s] -- Detecting CXX compiler ABI info
[0.345s] -- Detecting CXX compiler ABI info - done
[0.353s] -- Check for working CXX compiler: /usr/bin/c++ - skipped
[0.353s] -- Detecting CXX compile features
[0.353s] -- Detecting CXX compile features - done
[0.358s] -- Found ament_cmake: 1.3.11 (/opt/ros/humble/share/ament_cmake/cmake)
[0.494s] -- Found Python3: /usr/bin/python3 (found version "3.10.12") found components: Interpreter 
[0.565s] -- Override CMake install command with custom implementation using symlinks instead of copying resources
[0.602s] -- Found rclpy: 3.3.16 (/opt/ros/humble/share/rclpy/cmake)
[0.604s] -- Found std_msgs: 4.9.0 (/opt/ros/humble/share/std_msgs/cmake)
[0.650s] -- Found rosidl_generator_c: 3.1.6 (/opt/ros/humble/share/rosidl_generator_c/cmake)
[0.656s] -- Found rosidl_adapter: 3.1.6 (/opt/ros/humble/share/rosidl_adapter/cmake)
[0.666s] -- Found rosidl_generator_cpp: 3.1.6 (/opt/ros/humble/share/rosidl_generator_cpp/cmake)
[0.683s] -- Using all available rosidl_typesupport_c: rosidl_typesupport_fastrtps_c;rosidl_typesupport_introspection_c
[0.703s] -- Using all available rosidl_typesupport_cpp: rosidl_typesupport_fastrtps_cpp;rosidl_typesupport_introspection_cpp
[0.737s] -- Found rosidl_default_generators: 1.2.0 (/opt/ros/humble/share/rosidl_default_generators/cmake)
[1.012s] -- Found ament_cmake_ros: 0.10.0 (/opt/ros/humble/share/ament_cmake_ros/cmake)
[1.337s] -- Using all available rosidl_typesupport_c: rosidl_typesupport_fastrtps_c;rosidl_typesupport_introspection_c
[1.463s] -- Using all available rosidl_typesupport_cpp: rosidl_typesupport_fastrtps_cpp;rosidl_typesupport_introspection_cpp
[1.483s] -- Found PythonInterp: /usr/bin/python3 (found suitable version "3.10.12", minimum required is "3.6") 
[1.485s] -- Found python_cmake_module: 0.10.0 (/opt/ros/humble/share/python_cmake_module/cmake)
[1.509s] -- Found PythonLibs: /usr/lib/x86_64-linux-gnu/libpython3.10.so (found suitable version "3.10.12", minimum required is "3.5") 
[1.509s] -- Using PYTHON_EXECUTABLE: /usr/bin/python3
[1.509s] -- Using PYTHON_INCLUDE_DIRS: /usr/include/python3.10
[1.509s] -- Using PYTHON_LIBRARIES: /usr/lib/x86_64-linux-gnu/libpython3.10.so
[1.528s] -- Found PythonExtra: .so  
[1.587s] -- Configuring done
[1.619s] -- Generating done
[1.628s] -- Build files have been written to: /home/hikikomori/Project/Robotic_work/LeapHandAPI_ws/src/build/leap_hand
[1.635s] Invoked command in '/home/hikikomori/Project/Robotic_work/LeapHandAPI_ws/src/build/leap_hand' returned '0': CMAKE_PREFIX_PATH=/opt/ros/humble /usr/bin/cmake /home/hikikomori/Project/Robotic_work/LeapHandAPI_ws/src/ros2_module -DAMENT_CMAKE_SYMLINK_INSTALL=1 -DCMAKE_INSTALL_PREFIX=/home/hikikomori/Project/Robotic_work/LeapHandAPI_ws/src/install/leap_hand
[1.635s] Invoking command in '/home/hikikomori/Project/Robotic_work/LeapHandAPI_ws/src/build/leap_hand': CMAKE_PREFIX_PATH=/opt/ros/humble /usr/bin/cmake --build /home/hikikomori/Project/Robotic_work/LeapHandAPI_ws/src/build/leap_hand -- -j20 -l20
[1.666s] [  1%] [34m[1mGenerating C code for ROS interfaces[0m
[1.674s] [  3%] [34m[1mGenerating C++ code for ROS interfaces[0m
[1.681s] [  3%] Built target ament_cmake_python_symlink_leap_hand
[1.908s] running egg_info
[1.908s] creating leap_hand.egg-info
[1.908s] writing leap_hand.egg-info/PKG-INFO
[1.909s] writing dependency_links to leap_hand.egg-info/dependency_links.txt
[1.909s] writing top-level names to leap_hand.egg-info/top_level.txt
[1.909s] writing manifest file 'leap_hand.egg-info/SOURCES.txt'
[1.912s] reading manifest file 'leap_hand.egg-info/SOURCES.txt'
[1.912s] writing manifest file 'leap_hand.egg-info/SOURCES.txt'
[1.937s] [  3%] Built target ament_cmake_python_build_leap_hand_egg
[1.966s] [  5%] [32mBuilding C object CMakeFiles/leap_hand__rosidl_generator_c.dir/rosidl_generator_c/leap_hand/srv/detail/leap_pos_vel_eff__functions.c.o[0m
[1.967s] [  7%] [32mBuilding C object CMakeFiles/leap_hand__rosidl_generator_c.dir/rosidl_generator_c/leap_hand/srv/detail/leap_position__functions.c.o[0m
[1.967s] [  9%] [32mBuilding C object CMakeFiles/leap_hand__rosidl_generator_c.dir/rosidl_generator_c/leap_hand/srv/detail/leap_velocity__functions.c.o[0m
[1.967s] [ 10%] [32mBuilding C object CMakeFiles/leap_hand__rosidl_generator_c.dir/rosidl_generator_c/leap_hand/srv/detail/leap_effort__functions.c.o[0m
[2.025s] [ 12%] [32m[1mLinking C shared library libleap_hand__rosidl_generator_c.so[0m
[2.062s] [ 12%] Built target leap_hand__rosidl_generator_c
[2.070s] [ 14%] [34m[1mGenerating C type support dispatch for ROS interfaces[0m
[2.070s] [ 18%] [34m[1mGenerating C introspection for ROS interfaces[0m
[2.070s] [ 18%] [34m[1mGenerating C type support for eProsima Fast-RTPS[0m
[2.118s] [ 18%] Built target leap_hand__cpp
[2.124s] [ 21%] [34m[1mGenerating C++ type support dispatch for ROS interfaces[0m
[2.124s] [ 21%] [34m[1mGenerating C++ type support for eProsima Fast-RTPS[0m
[2.126s] [ 23%] [34m[1mGenerating C++ introspection for ROS interfaces[0m
[2.336s] [ 27%] [32mBuilding CXX object CMakeFiles/leap_hand__rosidl_typesupport_cpp.dir/rosidl_typesupport_cpp/leap_hand/srv/leap_pos_vel_eff__type_support.cpp.o[0m
[2.336s] [ 27%] [32mBuilding CXX object CMakeFiles/leap_hand__rosidl_typesupport_cpp.dir/rosidl_typesupport_cpp/leap_hand/srv/leap_effort__type_support.cpp.o[0m
[2.337s] [ 29%] [32mBuilding CXX object CMakeFiles/leap_hand__rosidl_typesupport_cpp.dir/rosidl_typesupport_cpp/leap_hand/srv/leap_position__type_support.cpp.o[0m
[2.338s] [ 30%] [32mBuilding CXX object CMakeFiles/leap_hand__rosidl_typesupport_cpp.dir/rosidl_typesupport_cpp/leap_hand/srv/leap_velocity__type_support.cpp.o[0m
[2.375s] [ 34%] [32mBuilding CXX object CMakeFiles/leap_hand__rosidl_typesupport_fastrtps_c.dir/rosidl_typesupport_fastrtps_c/leap_hand/srv/detail/leap_velocity__type_support_c.cpp.o[0m
[2.376s] [ 34%] [32mBuilding CXX object CMakeFiles/leap_hand__rosidl_typesupport_fastrtps_c.dir/rosidl_typesupport_fastrtps_c/leap_hand/srv/detail/leap_pos_vel_eff__type_support_c.cpp.o[0m
[2.378s] [ 36%] [32mBuilding CXX object CMakeFiles/leap_hand__rosidl_typesupport_fastrtps_c.dir/rosidl_typesupport_fastrtps_c/leap_hand/srv/detail/leap_effort__type_support_c.cpp.o[0m
[2.378s] [ 38%] [32mBuilding CXX object CMakeFiles/leap_hand__rosidl_typesupport_fastrtps_c.dir/rosidl_typesupport_fastrtps_c/leap_hand/srv/detail/leap_position__type_support_c.cpp.o[0m
[2.396s] [ 40%] [32mBuilding CXX object CMakeFiles/leap_hand__rosidl_typesupport_introspection_cpp.dir/rosidl_typesupport_introspection_cpp/leap_hand/srv/detail/leap_velocity__type_support.cpp.o[0m
[2.396s] [ 41%] [32mBuilding CXX object CMakeFiles/leap_hand__rosidl_typesupport_introspection_cpp.dir/rosidl_typesupport_introspection_cpp/leap_hand/srv/detail/leap_pos_vel_eff__type_support.cpp.o[0m
[2.398s] [ 43%] [32mBuilding CXX object CMakeFiles/leap_hand__rosidl_typesupport_introspection_cpp.dir/rosidl_typesupport_introspection_cpp/leap_hand/srv/detail/leap_position__type_support.cpp.o[0m
[2.399s] [ 45%] [32mBuilding CXX object CMakeFiles/leap_hand__rosidl_typesupport_introspection_cpp.dir/rosidl_typesupport_introspection_cpp/leap_hand/srv/detail/leap_effort__type_support.cpp.o[0m
[2.406s] [ 49%] [32mBuilding CXX object CMakeFiles/leap_hand__rosidl_typesupport_c.dir/rosidl_typesupport_c/leap_hand/srv/leap_velocity__type_support.cpp.o[0m
[2.407s] [ 49%] [32mBuilding CXX object CMakeFiles/leap_hand__rosidl_typesupport_c.dir/rosidl_typesupport_c/leap_hand/srv/leap_effort__type_support.cpp.o[0m
[2.407s] [ 50%] [32mBuilding CXX object CMakeFiles/leap_hand__rosidl_typesupport_c.dir/rosidl_typesupport_c/leap_hand/srv/leap_pos_vel_eff__type_support.cpp.o[0m
[2.407s] [ 52%] [32mBuilding CXX object CMakeFiles/leap_hand__rosidl_typesupport_c.dir/rosidl_typesupport_c/leap_hand/srv/leap_position__type_support.cpp.o[0m
[2.407s] [ 54%] [32mBuilding CXX object CMakeFiles/leap_hand__rosidl_typesupport_fastrtps_cpp.dir/rosidl_typesupport_fastrtps_cpp/leap_hand/srv/detail/dds_fastrtps/leap_position__type_support.cpp.o[0m
[2.407s] [ 56%] [32mBuilding CXX object CMakeFiles/leap_hand__rosidl_typesupport_fastrtps_cpp.dir/rosidl_typesupport_fastrtps_cpp/leap_hand/srv/detail/dds_fastrtps/leap_velocity__type_support.cpp.o[0m
[2.407s] [ 58%] [32mBuilding CXX object CMakeFiles/leap_hand__rosidl_typesupport_fastrtps_cpp.dir/rosidl_typesupport_fastrtps_cpp/leap_hand/srv/detail/dds_fastrtps/leap_effort__type_support.cpp.o[0m
[2.435s] [ 60%] [32mBuilding CXX object CMakeFiles/leap_hand__rosidl_typesupport_fastrtps_cpp.dir/rosidl_typesupport_fastrtps_cpp/leap_hand/srv/detail/dds_fastrtps/leap_pos_vel_eff__type_support.cpp.o[0m
[2.440s] [ 61%] [32m[1mLinking CXX shared library libleap_hand__rosidl_typesupport_c.so[0m
[2.488s] [ 61%] Built target leap_hand__rosidl_typesupport_c
[2.530s] [ 67%] [32mBuilding C object CMakeFiles/leap_hand__rosidl_typesupport_introspection_c.dir/rosidl_typesupport_introspection_c/leap_hand/srv/detail/leap_position__type_support.c.o[0m
[2.530s] [ 67%] [32mBuilding C object CMakeFiles/leap_hand__rosidl_typesupport_introspection_c.dir/rosidl_typesupport_introspection_c/leap_hand/srv/detail/leap_velocity__type_support.c.o[0m
[2.530s] [ 67%] [32mBuilding C object CMakeFiles/leap_hand__rosidl_typesupport_introspection_c.dir/rosidl_typesupport_introspection_c/leap_hand/srv/detail/leap_pos_vel_eff__type_support.c.o[0m
[2.532s] [ 69%] [32mBuilding C object CMakeFiles/leap_hand__rosidl_typesupport_introspection_c.dir/rosidl_typesupport_introspection_c/leap_hand/srv/detail/leap_effort__type_support.c.o[0m
[2.581s] [ 70%] [32m[1mLinking C shared library libleap_hand__rosidl_typesupport_introspection_c.so[0m
[2.619s] [ 70%] Built target leap_hand__rosidl_typesupport_introspection_c
[2.645s] [ 72%] [32m[1mLinking CXX shared library libleap_hand__rosidl_typesupport_cpp.so[0m
[2.676s] [ 72%] Built target leap_hand__rosidl_typesupport_cpp
[2.806s] [ 74%] [32m[1mLinking CXX shared library libleap_hand__rosidl_typesupport_fastrtps_c.so[0m
[2.862s] [ 74%] Built target leap_hand__rosidl_typesupport_fastrtps_c
[2.875s] [ 76%] [32m[1mLinking CXX shared library libleap_hand__rosidl_typesupport_introspection_cpp.so[0m
[2.897s] [ 78%] [32m[1mLinking CXX shared library libleap_hand__rosidl_typesupport_fastrtps_cpp.so[0m
[2.940s] [ 78%] Built target leap_hand__rosidl_typesupport_introspection_cpp
[2.964s] [ 78%] Built target leap_hand__rosidl_typesupport_fastrtps_cpp
[2.979s] [ 78%] Built target leap_hand
[2.996s] [ 80%] [34m[1mGenerating Python code for ROS interfaces[0m
[3.661s] [ 80%] Built target leap_hand__py
[3.677s] [ 83%] [32mBuilding C object CMakeFiles/leap_hand__rosidl_generator_py.dir/rosidl_generator_py/leap_hand/srv/_leap_position_s.c.o[0m
[3.677s] [ 83%] [32mBuilding C object CMakeFiles/leap_hand__rosidl_generator_py.dir/rosidl_generator_py/leap_hand/srv/_leap_effort_s.c.o[0m
[3.677s] [ 85%] [32mBuilding C object CMakeFiles/leap_hand__rosidl_generator_py.dir/rosidl_generator_py/leap_hand/srv/_leap_velocity_s.c.o[0m
[3.677s] [ 87%] [32mBuilding C object CMakeFiles/leap_hand__rosidl_generator_py.dir/rosidl_generator_py/leap_hand/srv/_leap_pos_vel_eff_s.c.o[0m
[3.795s] [ 89%] [32m[1mLinking C shared library rosidl_generator_py/leap_hand/libleap_hand__rosidl_generator_py.so[0m
[3.833s] [ 89%] Built target leap_hand__rosidl_generator_py
[3.849s] [ 90%] [32mBuilding C object CMakeFiles/leap_hand__rosidl_typesupport_fastrtps_c__pyext.dir/rosidl_generator_py/leap_hand/_leap_hand_s.ep.rosidl_typesupport_fastrtps_c.c.o[0m
[3.849s] [ 94%] [32mBuilding C object CMakeFiles/leap_hand__rosidl_typesupport_introspection_c__pyext.dir/rosidl_generator_py/leap_hand/_leap_hand_s.ep.rosidl_typesupport_introspection_c.c.o[0m
[3.849s] [ 94%] [32mBuilding C object CMakeFiles/leap_hand__rosidl_typesupport_c__pyext.dir/rosidl_generator_py/leap_hand/_leap_hand_s.ep.rosidl_typesupport_c.c.o[0m
[3.934s] [ 96%] [32m[1mLinking C shared library rosidl_generator_py/leap_hand/leap_hand_s__rosidl_typesupport_c.cpython-310-x86_64-linux-gnu.so[0m
[3.950s] [ 98%] [32m[1mLinking C shared library rosidl_generator_py/leap_hand/leap_hand_s__rosidl_typesupport_fastrtps_c.cpython-310-x86_64-linux-gnu.so[0m
[3.950s] [100%] [32m[1mLinking C shared library rosidl_generator_py/leap_hand/leap_hand_s__rosidl_typesupport_introspection_c.cpython-310-x86_64-linux-gnu.so[0m
[3.966s] [100%] Built target leap_hand__rosidl_typesupport_c__pyext
[3.985s] [100%] Built target leap_hand__rosidl_typesupport_fastrtps_c__pyext
[3.986s] [100%] Built target leap_hand__rosidl_typesupport_introspection_c__pyext
[3.996s] Invoked command in '/home/hikikomori/Project/Robotic_work/LeapHandAPI_ws/src/build/leap_hand' returned '0': CMAKE_PREFIX_PATH=/opt/ros/humble /usr/bin/cmake --build /home/hikikomori/Project/Robotic_work/LeapHandAPI_ws/src/build/leap_hand -- -j20 -l20
[4.004s] Invoking command in '/home/hikikomori/Project/Robotic_work/LeapHandAPI_ws/src/build/leap_hand': CMAKE_PREFIX_PATH=/opt/ros/humble /usr/bin/cmake --install /home/hikikomori/Project/Robotic_work/LeapHandAPI_ws/src/build/leap_hand
[4.011s] -- Install configuration: ""
[4.011s] -- Execute custom install script
[4.011s] -- Symlinking: /home/hikikomori/Project/Robotic_work/LeapHandAPI_ws/src/install/leap_hand/share/ament_index/resource_index/rosidl_interfaces/leap_hand
[4.018s] -- Symlinking: /home/hikikomori/Project/Robotic_work/LeapHandAPI_ws/src/install/leap_hand/include/leap_hand/leap_hand/msg/rosidl_generator_c__visibility_control.h
[4.024s] -- Symlinking: /home/hikikomori/Project/Robotic_work/LeapHandAPI_ws/src/install/leap_hand/include/leap_hand/leap_hand/srv/detail/leap_effort__functions.h
[4.031s] -- Symlinking: /home/hikikomori/Project/Robotic_work/LeapHandAPI_ws/src/install/leap_hand/include/leap_hand/leap_hand/srv/detail/leap_effort__struct.h
[4.038s] -- Symlinking: /home/hikikomori/Project/Robotic_work/LeapHandAPI_ws/src/install/leap_hand/include/leap_hand/leap_hand/srv/detail/leap_effort__type_support.h
[4.044s] -- Symlinking: /home/hikikomori/Project/Robotic_work/LeapHandAPI_ws/src/install/leap_hand/include/leap_hand/leap_hand/srv/detail/leap_pos_vel_eff__functions.h
[4.051s] -- Symlinking: /home/hikikomori/Project/Robotic_work/LeapHandAPI_ws/src/install/leap_hand/include/leap_hand/leap_hand/srv/detail/leap_pos_vel_eff__struct.h
[4.057s] -- Symlinking: /home/hikikomori/Project/Robotic_work/LeapHandAPI_ws/src/install/leap_hand/include/leap_hand/leap_hand/srv/detail/leap_pos_vel_eff__type_support.h
[4.064s] -- Symlinking: /home/hikikomori/Project/Robotic_work/LeapHandAPI_ws/src/install/leap_hand/include/leap_hand/leap_hand/srv/detail/leap_position__functions.h
[4.071s] -- Symlinking: /home/hikikomori/Project/Robotic_work/LeapHandAPI_ws/src/install/leap_hand/include/leap_hand/leap_hand/srv/detail/leap_position__struct.h
[4.077s] -- Symlinking: /home/hikikomori/Project/Robotic_work/LeapHandAPI_ws/src/install/leap_hand/include/leap_hand/leap_hand/srv/detail/leap_position__type_support.h
[4.084s] -- Symlinking: /home/hikikomori/Project/Robotic_work/LeapHandAPI_ws/src/install/leap_hand/include/leap_hand/leap_hand/srv/detail/leap_velocity__functions.h
[4.091s] -- Symlinking: /home/hikikomori/Project/Robotic_work/LeapHandAPI_ws/src/install/leap_hand/include/leap_hand/leap_hand/srv/detail/leap_velocity__struct.h
[4.098s] -- Symlinking: /home/hikikomori/Project/Robotic_work/LeapHandAPI_ws/src/install/leap_hand/include/leap_hand/leap_hand/srv/detail/leap_velocity__type_support.h
[4.105s] -- Symlinking: /home/hikikomori/Project/Robotic_work/LeapHandAPI_ws/src/install/leap_hand/include/leap_hand/leap_hand/srv/leap_effort.h
[4.111s] -- Symlinking: /home/hikikomori/Project/Robotic_work/LeapHandAPI_ws/src/install/leap_hand/include/leap_hand/leap_hand/srv/leap_pos_vel_eff.h
[4.118s] -- Symlinking: /home/hikikomori/Project/Robotic_work/LeapHandAPI_ws/src/install/leap_hand/include/leap_hand/leap_hand/srv/leap_position.h
[4.124s] -- Symlinking: /home/hikikomori/Project/Robotic_work/LeapHandAPI_ws/src/install/leap_hand/include/leap_hand/leap_hand/srv/leap_velocity.h
[4.131s] -- Symlinking: /home/hikikomori/Project/Robotic_work/LeapHandAPI_ws/src/install/leap_hand/share/leap_hand/environment/library_path.sh
[4.138s] -- Symlinking: /home/hikikomori/Project/Robotic_work/LeapHandAPI_ws/src/install/leap_hand/share/leap_hand/environment/library_path.dsv
[4.145s] -- Symlinking: /home/hikikomori/Project/Robotic_work/LeapHandAPI_ws/src/install/leap_hand/include/leap_hand/leap_hand/msg/rosidl_typesupport_fastrtps_c__visibility_control.h
[4.152s] -- Symlinking: /home/hikikomori/Project/Robotic_work/LeapHandAPI_ws/src/install/leap_hand/include/leap_hand/leap_hand/srv/detail/leap_effort__rosidl_typesupport_fastrtps_c.h
[4.159s] -- Symlinking: /home/hikikomori/Project/Robotic_work/LeapHandAPI_ws/src/install/leap_hand/include/leap_hand/leap_hand/srv/detail/leap_pos_vel_eff__rosidl_typesupport_fastrtps_c.h
[4.166s] -- Symlinking: /home/hikikomori/Project/Robotic_work/LeapHandAPI_ws/src/install/leap_hand/include/leap_hand/leap_hand/srv/detail/leap_position__rosidl_typesupport_fastrtps_c.h
[4.172s] -- Symlinking: /home/hikikomori/Project/Robotic_work/LeapHandAPI_ws/src/install/leap_hand/include/leap_hand/leap_hand/srv/detail/leap_velocity__rosidl_typesupport_fastrtps_c.h
[4.179s] -- Symlinking: /home/hikikomori/Project/Robotic_work/LeapHandAPI_ws/src/install/leap_hand/include/leap_hand/leap_hand/msg/rosidl_generator_cpp__visibility_control.hpp
[4.186s] -- Symlinking: /home/hikikomori/Project/Robotic_work/LeapHandAPI_ws/src/install/leap_hand/include/leap_hand/leap_hand/srv/detail/leap_effort__builder.hpp
[4.193s] -- Symlinking: /home/hikikomori/Project/Robotic_work/LeapHandAPI_ws/src/install/leap_hand/include/leap_hand/leap_hand/srv/detail/leap_effort__struct.hpp
[4.200s] -- Symlinking: /home/hikikomori/Project/Robotic_work/LeapHandAPI_ws/src/install/leap_hand/include/leap_hand/leap_hand/srv/detail/leap_effort__traits.hpp
[4.206s] -- Symlinking: /home/hikikomori/Project/Robotic_work/LeapHandAPI_ws/src/install/leap_hand/include/leap_hand/leap_hand/srv/detail/leap_effort__type_support.hpp
[4.212s] -- Symlinking: /home/hikikomori/Project/Robotic_work/LeapHandAPI_ws/src/install/leap_hand/include/leap_hand/leap_hand/srv/detail/leap_pos_vel_eff__builder.hpp
[4.219s] -- Symlinking: /home/hikikomori/Project/Robotic_work/LeapHandAPI_ws/src/install/leap_hand/include/leap_hand/leap_hand/srv/detail/leap_pos_vel_eff__struct.hpp
[4.225s] -- Symlinking: /home/hikikomori/Project/Robotic_work/LeapHandAPI_ws/src/install/leap_hand/include/leap_hand/leap_hand/srv/detail/leap_pos_vel_eff__traits.hpp
[4.232s] -- Symlinking: /home/hikikomori/Project/Robotic_work/LeapHandAPI_ws/src/install/leap_hand/include/leap_hand/leap_hand/srv/detail/leap_pos_vel_eff__type_support.hpp
[4.239s] -- Symlinking: /home/hikikomori/Project/Robotic_work/LeapHandAPI_ws/src/install/leap_hand/include/leap_hand/leap_hand/srv/detail/leap_position__builder.hpp
[4.246s] -- Symlinking: /home/hikikomori/Project/Robotic_work/LeapHandAPI_ws/src/install/leap_hand/include/leap_hand/leap_hand/srv/detail/leap_position__struct.hpp
[4.253s] -- Symlinking: /home/hikikomori/Project/Robotic_work/LeapHandAPI_ws/src/install/leap_hand/include/leap_hand/leap_hand/srv/detail/leap_position__traits.hpp
[4.259s] -- Symlinking: /home/hikikomori/Project/Robotic_work/LeapHandAPI_ws/src/install/leap_hand/include/leap_hand/leap_hand/srv/detail/leap_position__type_support.hpp
[4.266s] -- Symlinking: /home/hikikomori/Project/Robotic_work/LeapHandAPI_ws/src/install/leap_hand/include/leap_hand/leap_hand/srv/detail/leap_velocity__builder.hpp
[4.273s] -- Symlinking: /home/hikikomori/Project/Robotic_work/LeapHandAPI_ws/src/install/leap_hand/include/leap_hand/leap_hand/srv/detail/leap_velocity__struct.hpp
[4.280s] -- Symlinking: /home/hikikomori/Project/Robotic_work/LeapHandAPI_ws/src/install/leap_hand/include/leap_hand/leap_hand/srv/detail/leap_velocity__traits.hpp
[4.287s] -- Symlinking: /home/hikikomori/Project/Robotic_work/LeapHandAPI_ws/src/install/leap_hand/include/leap_hand/leap_hand/srv/detail/leap_velocity__type_support.hpp
[4.293s] -- Symlinking: /home/hikikomori/Project/Robotic_work/LeapHandAPI_ws/src/install/leap_hand/include/leap_hand/leap_hand/srv/leap_effort.hpp
[4.300s] -- Symlinking: /home/hikikomori/Project/Robotic_work/LeapHandAPI_ws/src/install/leap_hand/include/leap_hand/leap_hand/srv/leap_pos_vel_eff.hpp
[4.307s] -- Symlinking: /home/hikikomori/Project/Robotic_work/LeapHandAPI_ws/src/install/leap_hand/include/leap_hand/leap_hand/srv/leap_position.hpp
[4.314s] -- Symlinking: /home/hikikomori/Project/Robotic_work/LeapHandAPI_ws/src/install/leap_hand/include/leap_hand/leap_hand/srv/leap_velocity.hpp
[4.321s] -- Symlinking: /home/hikikomori/Project/Robotic_work/LeapHandAPI_ws/src/install/leap_hand/include/leap_hand/leap_hand/msg/rosidl_typesupport_fastrtps_cpp__visibility_control.h
[4.327s] -- Symlinking: /home/hikikomori/Project/Robotic_work/LeapHandAPI_ws/src/install/leap_hand/include/leap_hand/leap_hand/srv/detail/leap_effort__rosidl_typesupport_fastrtps_cpp.hpp
[4.334s] -- Symlinking: /home/hikikomori/Project/Robotic_work/LeapHandAPI_ws/src/install/leap_hand/include/leap_hand/leap_hand/srv/detail/leap_pos_vel_eff__rosidl_typesupport_fastrtps_cpp.hpp
[4.341s] -- Symlinking: /home/hikikomori/Project/Robotic_work/LeapHandAPI_ws/src/install/leap_hand/include/leap_hand/leap_hand/srv/detail/leap_position__rosidl_typesupport_fastrtps_cpp.hpp
[4.348s] -- Symlinking: /home/hikikomori/Project/Robotic_work/LeapHandAPI_ws/src/install/leap_hand/include/leap_hand/leap_hand/srv/detail/leap_velocity__rosidl_typesupport_fastrtps_cpp.hpp
[4.355s] -- Symlinking: /home/hikikomori/Project/Robotic_work/LeapHandAPI_ws/src/install/leap_hand/include/leap_hand/leap_hand/msg/rosidl_typesupport_introspection_c__visibility_control.h
[4.362s] -- Symlinking: /home/hikikomori/Project/Robotic_work/LeapHandAPI_ws/src/install/leap_hand/include/leap_hand/leap_hand/srv/detail/leap_effort__rosidl_typesupport_introspection_c.h
[4.368s] -- Symlinking: /home/hikikomori/Project/Robotic_work/LeapHandAPI_ws/src/install/leap_hand/include/leap_hand/leap_hand/srv/detail/leap_pos_vel_eff__rosidl_typesupport_introspection_c.h
[4.375s] -- Symlinking: /home/hikikomori/Project/Robotic_work/LeapHandAPI_ws/src/install/leap_hand/include/leap_hand/leap_hand/srv/detail/leap_position__rosidl_typesupport_introspection_c.h
[4.382s] -- Symlinking: /home/hikikomori/Project/Robotic_work/LeapHandAPI_ws/src/install/leap_hand/include/leap_hand/leap_hand/srv/detail/leap_velocity__rosidl_typesupport_introspection_c.h
[4.389s] -- Symlinking: /home/hikikomori/Project/Robotic_work/LeapHandAPI_ws/src/install/leap_hand/include/leap_hand/leap_hand/srv/detail/leap_effort__rosidl_typesupport_introspection_cpp.hpp
[4.396s] -- Symlinking: /home/hikikomori/Project/Robotic_work/LeapHandAPI_ws/src/install/leap_hand/include/leap_hand/leap_hand/srv/detail/leap_pos_vel_eff__rosidl_typesupport_introspection_cpp.hpp
[4.402s] -- Symlinking: /home/hikikomori/Project/Robotic_work/LeapHandAPI_ws/src/install/leap_hand/include/leap_hand/leap_hand/srv/detail/leap_position__rosidl_typesupport_introspection_cpp.hpp
[4.409s] -- Symlinking: /home/hikikomori/Project/Robotic_work/LeapHandAPI_ws/src/install/leap_hand/include/leap_hand/leap_hand/srv/detail/leap_velocity__rosidl_typesupport_introspection_cpp.hpp
[4.416s] -- Symlinking: /home/hikikomori/Project/Robotic_work/LeapHandAPI_ws/src/install/leap_hand/share/leap_hand/environment/pythonpath.sh
[4.423s] -- Symlinking: /home/hikikomori/Project/Robotic_work/LeapHandAPI_ws/src/install/leap_hand/share/leap_hand/environment/pythonpath.dsv
[4.430s] -- Symlinking: /home/hikikomori/Project/Robotic_work/LeapHandAPI_ws/src/install/leap_hand/local/lib/python3.10/dist-packages/leap_hand-0.0.0-py3.10.egg-info/PKG-INFO
[4.437s] -- Symlinking: /home/hikikomori/Project/Robotic_work/LeapHandAPI_ws/src/install/leap_hand/local/lib/python3.10/dist-packages/leap_hand-0.0.0-py3.10.egg-info/SOURCES.txt
[4.443s] -- Symlinking: /home/hikikomori/Project/Robotic_work/LeapHandAPI_ws/src/install/leap_hand/local/lib/python3.10/dist-packages/leap_hand-0.0.0-py3.10.egg-info/dependency_links.txt
[4.450s] -- Symlinking: /home/hikikomori/Project/Robotic_work/LeapHandAPI_ws/src/install/leap_hand/local/lib/python3.10/dist-packages/leap_hand-0.0.0-py3.10.egg-info/top_level.txt
[4.458s] -- Symlinking: /home/hikikomori/Project/Robotic_work/LeapHandAPI_ws/src/install/leap_hand/local/lib/python3.10/dist-packages/leap_hand/__init__.py
[4.464s] -- Symlinking: /home/hikikomori/Project/Robotic_work/LeapHandAPI_ws/src/install/leap_hand/local/lib/python3.10/dist-packages/leap_hand/_leap_hand_s.ep.rosidl_typesupport_c.c
[4.471s] -- Symlinking: /home/hikikomori/Project/Robotic_work/LeapHandAPI_ws/src/install/leap_hand/local/lib/python3.10/dist-packages/leap_hand/_leap_hand_s.ep.rosidl_typesupport_fastrtps_c.c
[4.478s] -- Symlinking: /home/hikikomori/Project/Robotic_work/LeapHandAPI_ws/src/install/leap_hand/local/lib/python3.10/dist-packages/leap_hand/_leap_hand_s.ep.rosidl_typesupport_introspection_c.c
[4.485s] -- Symlinking: /home/hikikomori/Project/Robotic_work/LeapHandAPI_ws/src/install/leap_hand/local/lib/python3.10/dist-packages/leap_hand/leap_hand_s__rosidl_typesupport_c.cpython-310-x86_64-linux-gnu.so
[4.492s] -- Symlinking: /home/hikikomori/Project/Robotic_work/LeapHandAPI_ws/src/install/leap_hand/local/lib/python3.10/dist-packages/leap_hand/leap_hand_s__rosidl_typesupport_fastrtps_c.cpython-310-x86_64-linux-gnu.so
[4.499s] -- Symlinking: /home/hikikomori/Project/Robotic_work/LeapHandAPI_ws/src/install/leap_hand/local/lib/python3.10/dist-packages/leap_hand/leap_hand_s__rosidl_typesupport_introspection_c.cpython-310-x86_64-linux-gnu.so
[4.506s] -- Symlinking: /home/hikikomori/Project/Robotic_work/LeapHandAPI_ws/src/install/leap_hand/local/lib/python3.10/dist-packages/leap_hand/libleap_hand__rosidl_generator_py.so
[4.513s] -- Symlinking: /home/hikikomori/Project/Robotic_work/LeapHandAPI_ws/src/install/leap_hand/local/lib/python3.10/dist-packages/leap_hand/srv/__init__.py
[4.519s] -- Symlinking: /home/hikikomori/Project/Robotic_work/LeapHandAPI_ws/src/install/leap_hand/local/lib/python3.10/dist-packages/leap_hand/srv/_leap_effort.py
[4.526s] -- Symlinking: /home/hikikomori/Project/Robotic_work/LeapHandAPI_ws/src/install/leap_hand/local/lib/python3.10/dist-packages/leap_hand/srv/_leap_effort_s.c
[4.533s] -- Symlinking: /home/hikikomori/Project/Robotic_work/LeapHandAPI_ws/src/install/leap_hand/local/lib/python3.10/dist-packages/leap_hand/srv/_leap_pos_vel_eff.py
[4.540s] -- Symlinking: /home/hikikomori/Project/Robotic_work/LeapHandAPI_ws/src/install/leap_hand/local/lib/python3.10/dist-packages/leap_hand/srv/_leap_pos_vel_eff_s.c
[4.547s] -- Symlinking: /home/hikikomori/Project/Robotic_work/LeapHandAPI_ws/src/install/leap_hand/local/lib/python3.10/dist-packages/leap_hand/srv/_leap_position.py
[4.553s] -- Symlinking: /home/hikikomori/Project/Robotic_work/LeapHandAPI_ws/src/install/leap_hand/local/lib/python3.10/dist-packages/leap_hand/srv/_leap_position_s.c
[4.560s] -- Symlinking: /home/hikikomori/Project/Robotic_work/LeapHandAPI_ws/src/install/leap_hand/local/lib/python3.10/dist-packages/leap_hand/srv/_leap_velocity.py
[4.567s] -- Symlinking: /home/hikikomori/Project/Robotic_work/LeapHandAPI_ws/src/install/leap_hand/local/lib/python3.10/dist-packages/leap_hand/srv/_leap_velocity_s.c
[4.574s] -- Up-to-date symlink: /home/hikikomori/Project/Robotic_work/LeapHandAPI_ws/src/install/leap_hand/local/lib/python3.10/dist-packages/leap_hand/leap_hand_s__rosidl_typesupport_fastrtps_c.cpython-310-x86_64-linux-gnu.so
[4.574s] -- Up-to-date symlink: /home/hikikomori/Project/Robotic_work/LeapHandAPI_ws/src/install/leap_hand/local/lib/python3.10/dist-packages/leap_hand/leap_hand_s__rosidl_typesupport_introspection_c.cpython-310-x86_64-linux-gnu.so
[4.575s] -- Up-to-date symlink: /home/hikikomori/Project/Robotic_work/LeapHandAPI_ws/src/install/leap_hand/local/lib/python3.10/dist-packages/leap_hand/leap_hand_s__rosidl_typesupport_c.cpython-310-x86_64-linux-gnu.so
[4.575s] -- Symlinking: /home/hikikomori/Project/Robotic_work/LeapHandAPI_ws/src/install/leap_hand/share/leap_hand/srv/LeapVelocity.idl
[4.582s] -- Symlinking: /home/hikikomori/Project/Robotic_work/LeapHandAPI_ws/src/install/leap_hand/share/leap_hand/srv/LeapPosition.idl
[4.588s] -- Symlinking: /home/hikikomori/Project/Robotic_work/LeapHandAPI_ws/src/install/leap_hand/share/leap_hand/srv/LeapEffort.idl
[4.595s] -- Symlinking: /home/hikikomori/Project/Robotic_work/LeapHandAPI_ws/src/install/leap_hand/share/leap_hand/srv/LeapPosVelEff.idl
[4.602s] -- Symlinking: /home/hikikomori/Project/Robotic_work/LeapHandAPI_ws/src/install/leap_hand/share/leap_hand/srv/LeapVelocity.srv
[4.609s] -- Symlinking: /home/hikikomori/Project/Robotic_work/LeapHandAPI_ws/src/install/leap_hand/share/leap_hand/srv/LeapVelocity_Request.msg
[4.616s] -- Symlinking: /home/hikikomori/Project/Robotic_work/LeapHandAPI_ws/src/install/leap_hand/share/leap_hand/srv/LeapVelocity_Response.msg
[4.623s] -- Symlinking: /home/hikikomori/Project/Robotic_work/LeapHandAPI_ws/src/install/leap_hand/share/leap_hand/srv/LeapPosition.srv
[4.630s] -- Symlinking: /home/hikikomori/Project/Robotic_work/LeapHandAPI_ws/src/install/leap_hand/share/leap_hand/srv/LeapPosition_Request.msg
[4.636s] -- Symlinking: /home/hikikomori/Project/Robotic_work/LeapHandAPI_ws/src/install/leap_hand/share/leap_hand/srv/LeapPosition_Response.msg
[4.643s] -- Symlinking: /home/hikikomori/Project/Robotic_work/LeapHandAPI_ws/src/install/leap_hand/share/leap_hand/srv/LeapEffort.srv
[4.650s] -- Symlinking: /home/hikikomori/Project/Robotic_work/LeapHandAPI_ws/src/install/leap_hand/share/leap_hand/srv/LeapEffort_Request.msg
[4.658s] -- Symlinking: /home/hikikomori/Project/Robotic_work/LeapHandAPI_ws/src/install/leap_hand/share/leap_hand/srv/LeapEffort_Response.msg
[4.664s] -- Symlinking: /home/hikikomori/Project/Robotic_work/LeapHandAPI_ws/src/install/leap_hand/share/leap_hand/srv/LeapPosVelEff.srv
[4.671s] -- Symlinking: /home/hikikomori/Project/Robotic_work/LeapHandAPI_ws/src/install/leap_hand/share/leap_hand/srv/LeapPosVelEff_Request.msg
[4.678s] -- Symlinking: /home/hikikomori/Project/Robotic_work/LeapHandAPI_ws/src/install/leap_hand/share/leap_hand/srv/LeapPosVelEff_Response.msg
[4.684s] -- Symlinking: /home/hikikomori/Project/Robotic_work/LeapHandAPI_ws/src/install/leap_hand/share/ament_index/resource_index/package_run_dependencies/leap_hand
[4.691s] -- Symlinking: /home/hikikomori/Project/Robotic_work/LeapHandAPI_ws/src/install/leap_hand/share/ament_index/resource_index/parent_prefix_path/leap_hand
[4.698s] -- Symlinking: /home/hikikomori/Project/Robotic_work/LeapHandAPI_ws/src/install/leap_hand/share/leap_hand/environment/ament_prefix_path.sh
[4.705s] -- Symlinking: /home/hikikomori/Project/Robotic_work/LeapHandAPI_ws/src/install/leap_hand/share/leap_hand/environment/ament_prefix_path.dsv
[4.711s] -- Symlinking: /home/hikikomori/Project/Robotic_work/LeapHandAPI_ws/src/install/leap_hand/share/leap_hand/environment/path.sh
[4.718s] -- Symlinking: /home/hikikomori/Project/Robotic_work/LeapHandAPI_ws/src/install/leap_hand/share/leap_hand/environment/path.dsv
[4.725s] -- Symlinking: /home/hikikomori/Project/Robotic_work/LeapHandAPI_ws/src/install/leap_hand/share/leap_hand/local_setup.bash
[4.732s] -- Symlinking: /home/hikikomori/Project/Robotic_work/LeapHandAPI_ws/src/install/leap_hand/share/leap_hand/local_setup.sh
[4.739s] -- Symlinking: /home/hikikomori/Project/Robotic_work/LeapHandAPI_ws/src/install/leap_hand/share/leap_hand/local_setup.zsh
[4.746s] -- Symlinking: /home/hikikomori/Project/Robotic_work/LeapHandAPI_ws/src/install/leap_hand/share/leap_hand/local_setup.dsv
[4.753s] -- Symlinking: /home/hikikomori/Project/Robotic_work/LeapHandAPI_ws/src/install/leap_hand/share/leap_hand/package.dsv
[4.760s] -- Symlinking: /home/hikikomori/Project/Robotic_work/LeapHandAPI_ws/src/install/leap_hand/share/ament_index/resource_index/packages/leap_hand
[4.767s] -- Symlinking: /home/hikikomori/Project/Robotic_work/LeapHandAPI_ws/src/install/leap_hand/share/leap_hand/cmake/rosidl_cmake-extras.cmake
[4.774s] -- Symlinking: /home/hikikomori/Project/Robotic_work/LeapHandAPI_ws/src/install/leap_hand/share/leap_hand/cmake/ament_cmake_export_dependencies-extras.cmake
[4.781s] -- Symlinking: /home/hikikomori/Project/Robotic_work/LeapHandAPI_ws/src/install/leap_hand/share/leap_hand/cmake/ament_cmake_export_include_directories-extras.cmake
[4.788s] -- Symlinking: /home/hikikomori/Project/Robotic_work/LeapHandAPI_ws/src/install/leap_hand/share/leap_hand/cmake/ament_cmake_export_libraries-extras.cmake
[4.795s] -- Symlinking: /home/hikikomori/Project/Robotic_work/LeapHandAPI_ws/src/install/leap_hand/share/leap_hand/cmake/ament_cmake_export_targets-extras.cmake
[4.802s] -- Symlinking: /home/hikikomori/Project/Robotic_work/LeapHandAPI_ws/src/install/leap_hand/share/leap_hand/cmake/rosidl_cmake_export_typesupport_targets-extras.cmake
[4.809s] -- Symlinking: /home/hikikomori/Project/Robotic_work/LeapHandAPI_ws/src/install/leap_hand/share/leap_hand/cmake/rosidl_cmake_export_typesupport_libraries-extras.cmake
[4.815s] -- Symlinking: /home/hikikomori/Project/Robotic_work/LeapHandAPI_ws/src/install/leap_hand/share/leap_hand/cmake/leap_handConfig.cmake
[4.822s] -- Symlinking: /home/hikikomori/Project/Robotic_work/LeapHandAPI_ws/src/install/leap_hand/share/leap_hand/cmake/leap_handConfig-version.cmake
[4.828s] -- Symlinking: /home/hikikomori/Project/Robotic_work/LeapHandAPI_ws/src/install/leap_hand/share/leap_hand/package.xml
[4.835s] -- Symlinking: /home/hikikomori/Project/Robotic_work/LeapHandAPI_ws/src/install/leap_hand/lib/leap_hand/leaphand_node.py
[4.842s] -- Symlinking: /home/hikikomori/Project/Robotic_work/LeapHandAPI_ws/src/install/leap_hand/lib/leap_hand/ros2_example.py
[4.850s] -- Symlinking: /home/hikikomori/Project/Robotic_work/LeapHandAPI_ws/src/install/leap_hand/share/leap_hand/launch/launch_leap.py
[4.857s] -- Installing: /home/hikikomori/Project/Robotic_work/LeapHandAPI_ws/src/install/leap_hand/lib/libleap_hand__rosidl_generator_c.so
[4.857s] -- Set runtime path of "/home/hikikomori/Project/Robotic_work/LeapHandAPI_ws/src/install/leap_hand/lib/libleap_hand__rosidl_generator_c.so" to ""
[4.857s] -- Installing: /home/hikikomori/Project/Robotic_work/LeapHandAPI_ws/src/install/leap_hand/lib/libleap_hand__rosidl_typesupport_fastrtps_c.so
[4.857s] -- Set runtime path of "/home/hikikomori/Project/Robotic_work/LeapHandAPI_ws/src/install/leap_hand/lib/libleap_hand__rosidl_typesupport_fastrtps_c.so" to ""
[4.857s] -- Installing: /home/hikikomori/Project/Robotic_work/LeapHandAPI_ws/src/install/leap_hand/lib/libleap_hand__rosidl_typesupport_fastrtps_cpp.so
[4.857s] -- Set runtime path of "/home/hikikomori/Project/Robotic_work/LeapHandAPI_ws/src/install/leap_hand/lib/libleap_hand__rosidl_typesupport_fastrtps_cpp.so" to ""
[4.857s] -- Installing: /home/hikikomori/Project/Robotic_work/LeapHandAPI_ws/src/install/leap_hand/lib/libleap_hand__rosidl_typesupport_introspection_c.so
[4.857s] -- Set runtime path of "/home/hikikomori/Project/Robotic_work/LeapHandAPI_ws/src/install/leap_hand/lib/libleap_hand__rosidl_typesupport_introspection_c.so" to ""
[4.858s] -- Installing: /home/hikikomori/Project/Robotic_work/LeapHandAPI_ws/src/install/leap_hand/lib/libleap_hand__rosidl_typesupport_c.so
[4.858s] -- Set runtime path of "/home/hikikomori/Project/Robotic_work/LeapHandAPI_ws/src/install/leap_hand/lib/libleap_hand__rosidl_typesupport_c.so" to ""
[4.858s] -- Installing: /home/hikikomori/Project/Robotic_work/LeapHandAPI_ws/src/install/leap_hand/lib/libleap_hand__rosidl_typesupport_introspection_cpp.so
[4.858s] -- Set runtime path of "/home/hikikomori/Project/Robotic_work/LeapHandAPI_ws/src/install/leap_hand/lib/libleap_hand__rosidl_typesupport_introspection_cpp.so" to ""
[4.858s] -- Installing: /home/hikikomori/Project/Robotic_work/LeapHandAPI_ws/src/install/leap_hand/lib/libleap_hand__rosidl_typesupport_cpp.so
[4.858s] -- Set runtime path of "/home/hikikomori/Project/Robotic_work/LeapHandAPI_ws/src/install/leap_hand/lib/libleap_hand__rosidl_typesupport_cpp.so" to ""
[4.896s] Listing '/home/hikikomori/Project/Robotic_work/LeapHandAPI_ws/src/install/leap_hand/local/lib/python3.10/dist-packages/leap_hand'...
[4.896s] Compiling '/home/hikikomori/Project/Robotic_work/LeapHandAPI_ws/src/install/leap_hand/local/lib/python3.10/dist-packages/leap_hand/__init__.py'...
[4.896s] Listing '/home/hikikomori/Project/Robotic_work/LeapHandAPI_ws/src/install/leap_hand/local/lib/python3.10/dist-packages/leap_hand/srv'...
[4.896s] Compiling '/home/hikikomori/Project/Robotic_work/LeapHandAPI_ws/src/install/leap_hand/local/lib/python3.10/dist-packages/leap_hand/srv/__init__.py'...
[4.896s] Compiling '/home/hikikomori/Project/Robotic_work/LeapHandAPI_ws/src/install/leap_hand/local/lib/python3.10/dist-packages/leap_hand/srv/_leap_effort.py'...
[4.896s] Compiling '/home/hikikomori/Project/Robotic_work/LeapHandAPI_ws/src/install/leap_hand/local/lib/python3.10/dist-packages/leap_hand/srv/_leap_pos_vel_eff.py'...
[4.896s] Compiling '/home/hikikomori/Project/Robotic_work/LeapHandAPI_ws/src/install/leap_hand/local/lib/python3.10/dist-packages/leap_hand/srv/_leap_position.py'...
[4.896s] Compiling '/home/hikikomori/Project/Robotic_work/LeapHandAPI_ws/src/install/leap_hand/local/lib/python3.10/dist-packages/leap_hand/srv/_leap_velocity.py'...
[4.900s] -- Installing: /home/hikikomori/Project/Robotic_work/LeapHandAPI_ws/src/install/leap_hand/lib/libleap_hand__rosidl_generator_py.so
[4.900s] -- Set runtime path of "/home/hikikomori/Project/Robotic_work/LeapHandAPI_ws/src/install/leap_hand/lib/libleap_hand__rosidl_generator_py.so" to ""
[4.900s] -- Installing: /home/hikikomori/Project/Robotic_work/LeapHandAPI_ws/src/install/leap_hand/share/leap_hand/cmake/export_leap_hand__rosidl_generator_cExport.cmake
[4.900s] -- Installing: /home/hikikomori/Project/Robotic_work/LeapHandAPI_ws/src/install/leap_hand/share/leap_hand/cmake/export_leap_hand__rosidl_generator_cExport-noconfig.cmake
[4.901s] -- Installing: /home/hikikomori/Project/Robotic_work/LeapHandAPI_ws/src/install/leap_hand/share/leap_hand/cmake/export_leap_hand__rosidl_typesupport_fastrtps_cExport.cmake
[4.901s] -- Installing: /home/hikikomori/Project/Robotic_work/LeapHandAPI_ws/src/install/leap_hand/share/leap_hand/cmake/export_leap_hand__rosidl_typesupport_fastrtps_cExport-noconfig.cmake
[4.901s] -- Installing: /home/hikikomori/Project/Robotic_work/LeapHandAPI_ws/src/install/leap_hand/share/leap_hand/cmake/export_leap_hand__rosidl_generator_cppExport.cmake
[4.901s] -- Installing: /home/hikikomori/Project/Robotic_work/LeapHandAPI_ws/src/install/leap_hand/share/leap_hand/cmake/export_leap_hand__rosidl_typesupport_fastrtps_cppExport.cmake
[4.901s] -- Installing: /home/hikikomori/Project/Robotic_work/LeapHandAPI_ws/src/install/leap_hand/share/leap_hand/cmake/export_leap_hand__rosidl_typesupport_fastrtps_cppExport-noconfig.cmake
[4.901s] -- Installing: /home/hikikomori/Project/Robotic_work/LeapHandAPI_ws/src/install/leap_hand/share/leap_hand/cmake/leap_hand__rosidl_typesupport_introspection_cExport.cmake
[4.901s] -- Installing: /home/hikikomori/Project/Robotic_work/LeapHandAPI_ws/src/install/leap_hand/share/leap_hand/cmake/leap_hand__rosidl_typesupport_introspection_cExport-noconfig.cmake
[4.901s] -- Installing: /home/hikikomori/Project/Robotic_work/LeapHandAPI_ws/src/install/leap_hand/share/leap_hand/cmake/leap_hand__rosidl_typesupport_cExport.cmake
[4.901s] -- Installing: /home/hikikomori/Project/Robotic_work/LeapHandAPI_ws/src/install/leap_hand/share/leap_hand/cmake/leap_hand__rosidl_typesupport_cExport-noconfig.cmake
[4.902s] -- Installing: /home/hikikomori/Project/Robotic_work/LeapHandAPI_ws/src/install/leap_hand/share/leap_hand/cmake/leap_hand__rosidl_typesupport_introspection_cppExport.cmake
[4.902s] -- Installing: /home/hikikomori/Project/Robotic_work/LeapHandAPI_ws/src/install/leap_hand/share/leap_hand/cmake/leap_hand__rosidl_typesupport_introspection_cppExport-noconfig.cmake
[4.902s] -- Installing: /home/hikikomori/Project/Robotic_work/LeapHandAPI_ws/src/install/leap_hand/share/leap_hand/cmake/leap_hand__rosidl_typesupport_cppExport.cmake
[4.902s] -- Installing: /home/hikikomori/Project/Robotic_work/LeapHandAPI_ws/src/install/leap_hand/share/leap_hand/cmake/leap_hand__rosidl_typesupport_cppExport-noconfig.cmake
[4.902s] -- Installing: /home/hikikomori/Project/Robotic_work/LeapHandAPI_ws/src/install/leap_hand/share/leap_hand/cmake/export_leap_hand__rosidl_generator_pyExport.cmake
[4.902s] -- Installing: /home/hikikomori/Project/Robotic_work/LeapHandAPI_ws/src/install/leap_hand/share/leap_hand/cmake/export_leap_hand__rosidl_generator_pyExport-noconfig.cmake
[4.904s] Invoked command in '/home/hikikomori/Project/Robotic_work/LeapHandAPI_ws/src/build/leap_hand' returned '0': CMAKE_PREFIX_PATH=/opt/ros/humble /usr/bin/cmake --install /home/hikikomori/Project/Robotic_work/LeapHandAPI_ws/src/build/leap_hand
