[0.252s] DEBUG:colcon:Command line arguments: ['/usr/bin/colcon', 'build', '--symlink-install']
[0.252s] DEBUG:colcon:Parsed command line arguments: Namespace(log_base=None, log_level=None, verb_name='build', build_base='build', install_base='install', merge_install=False, symlink_install=True, test_result_base=None, continue_on_error=False, executor='parallel', parallel_workers=20, event_handlers=None, ignore_user_meta=False, metas=['./colcon.meta'], base_paths=['.'], packages_ignore=None, packages_ignore_regex=None, paths=None, packages_up_to=None, packages_up_to_regex=None, packages_above=None, packages_above_and_dependencies=None, packages_above_depth=None, packages_select_by_dep=None, packages_skip_by_dep=None, packages_skip_up_to=None, packages_select_build_failed=False, packages_skip_build_finished=False, packages_select_test_failures=False, packages_skip_test_passed=False, packages_select=None, packages_skip=None, packages_select_regex=None, packages_skip_regex=None, packages_start=None, packages_end=None, allow_overriding=[], cmake_args=None, cmake_target=None, cmake_target_skip_unavailable=False, cmake_clean_cache=False, cmake_clean_first=False, cmake_force_configure=False, ament_cmake_args=None, catkin_cmake_args=None, catkin_skip_building_tests=False, mixin_files=None, mixin=None, verb_parser=<colcon_mixin.mixin.mixin_argument.MixinArgumentDecorator object at 0x7fe906451960>, verb_extension=<colcon_core.verb.build.BuildVerb object at 0x7fe9065d3790>, main=<bound method BuildVerb.main of <colcon_core.verb.build.BuildVerb object at 0x7fe9065d3790>>, mixin_verb=('build',))
[0.579s] Level 1:colcon.colcon_core.package_discovery:discover_packages(colcon_meta) check parameters
[0.579s] Level 1:colcon.colcon_core.package_discovery:discover_packages(recursive) check parameters
[0.580s] Level 1:colcon.colcon_core.package_discovery:discover_packages(ignore) check parameters
[0.580s] Level 1:colcon.colcon_core.package_discovery:discover_packages(path) check parameters
[0.580s] Level 1:colcon.colcon_core.package_discovery:discover_packages(colcon_meta) discover
[0.580s] Level 1:colcon.colcon_core.package_discovery:discover_packages(recursive) discover
[0.580s] INFO:colcon.colcon_core.package_discovery:Crawling recursively for packages in '/home/hikikomori/Project/Robotic_work/LeapHandAPI_ws/src'
[0.580s] Level 1:colcon.colcon_core.package_identification:_identify(.) by extensions ['ignore', 'ignore_ament_install']
[0.580s] Level 1:colcon.colcon_core.package_identification:_identify(.) by extension 'ignore'
[0.580s] Level 1:colcon.colcon_core.package_identification:_identify(.) by extension 'ignore_ament_install'
[0.580s] Level 1:colcon.colcon_core.package_identification:_identify(.) by extensions ['colcon_pkg']
[0.580s] Level 1:colcon.colcon_core.package_identification:_identify(.) by extension 'colcon_pkg'
[0.580s] Level 1:colcon.colcon_core.package_identification:_identify(.) by extensions ['colcon_meta']
[0.580s] Level 1:colcon.colcon_core.package_identification:_identify(.) by extension 'colcon_meta'
[0.580s] Level 1:colcon.colcon_core.package_identification:_identify(.) by extensions ['ros']
[0.580s] Level 1:colcon.colcon_core.package_identification:_identify(.) by extension 'ros'
[0.599s] Level 1:colcon.colcon_core.package_identification:_identify(.) by extensions ['cmake', 'python']
[0.599s] Level 1:colcon.colcon_core.package_identification:_identify(.) by extension 'cmake'
[0.599s] Level 1:colcon.colcon_core.package_identification:_identify(.) by extension 'python'
[0.599s] Level 1:colcon.colcon_core.package_identification:_identify(.) by extensions ['python_setup_py']
[0.599s] Level 1:colcon.colcon_core.package_identification:_identify(.) by extension 'python_setup_py'
[0.599s] Level 1:colcon.colcon_core.package_identification:_identify(build) by extensions ['ignore', 'ignore_ament_install']
[0.599s] Level 1:colcon.colcon_core.package_identification:_identify(build) by extension 'ignore'
[0.600s] Level 1:colcon.colcon_core.package_identification:_identify(build) ignored
[0.600s] Level 1:colcon.colcon_core.package_identification:_identify(install) by extensions ['ignore', 'ignore_ament_install']
[0.600s] Level 1:colcon.colcon_core.package_identification:_identify(install) by extension 'ignore'
[0.600s] Level 1:colcon.colcon_core.package_identification:_identify(install) ignored
[0.600s] Level 1:colcon.colcon_core.package_identification:_identify(log) by extensions ['ignore', 'ignore_ament_install']
[0.600s] Level 1:colcon.colcon_core.package_identification:_identify(log) by extension 'ignore'
[0.600s] Level 1:colcon.colcon_core.package_identification:_identify(log) ignored
[0.600s] Level 1:colcon.colcon_core.package_identification:_identify(ros2_module) by extensions ['ignore', 'ignore_ament_install']
[0.600s] Level 1:colcon.colcon_core.package_identification:_identify(ros2_module) by extension 'ignore'
[0.600s] Level 1:colcon.colcon_core.package_identification:_identify(ros2_module) by extension 'ignore_ament_install'
[0.600s] Level 1:colcon.colcon_core.package_identification:_identify(ros2_module) by extensions ['colcon_pkg']
[0.600s] Level 1:colcon.colcon_core.package_identification:_identify(ros2_module) by extension 'colcon_pkg'
[0.600s] Level 1:colcon.colcon_core.package_identification:_identify(ros2_module) by extensions ['colcon_meta']
[0.600s] Level 1:colcon.colcon_core.package_identification:_identify(ros2_module) by extension 'colcon_meta'
[0.600s] Level 1:colcon.colcon_core.package_identification:_identify(ros2_module) by extensions ['ros']
[0.601s] Level 1:colcon.colcon_core.package_identification:_identify(ros2_module) by extension 'ros'
[0.605s] DEBUG:colcon.colcon_core.package_identification:Package 'ros2_module' with type 'ros.ament_cmake' and name 'leap_hand'
[0.605s] Level 1:colcon.colcon_core.package_discovery:discover_packages(recursive) using defaults
[0.605s] Level 1:colcon.colcon_core.package_discovery:discover_packages(ignore) discover
[0.605s] Level 1:colcon.colcon_core.package_discovery:discover_packages(ignore) using defaults
[0.605s] Level 1:colcon.colcon_core.package_discovery:discover_packages(path) discover
[0.605s] Level 1:colcon.colcon_core.package_discovery:discover_packages(path) using defaults
[0.643s] Level 1:colcon.colcon_core.package_discovery:discover_packages(prefix_path) check parameters
[0.643s] Level 1:colcon.colcon_core.package_discovery:discover_packages(prefix_path) discover
[0.648s] DEBUG:colcon.colcon_installed_package_information.package_discovery:Found 271 installed packages in /opt/ros/humble
[0.649s] Level 1:colcon.colcon_core.package_discovery:discover_packages(prefix_path) using defaults
[0.687s] Level 5:colcon.colcon_core.verb:set package 'leap_hand' build argument 'cmake_args' from command line to 'None'
[0.687s] Level 5:colcon.colcon_core.verb:set package 'leap_hand' build argument 'cmake_target' from command line to 'None'
[0.687s] Level 5:colcon.colcon_core.verb:set package 'leap_hand' build argument 'cmake_target_skip_unavailable' from command line to 'False'
[0.687s] Level 5:colcon.colcon_core.verb:set package 'leap_hand' build argument 'cmake_clean_cache' from command line to 'False'
[0.687s] Level 5:colcon.colcon_core.verb:set package 'leap_hand' build argument 'cmake_clean_first' from command line to 'False'
[0.687s] Level 5:colcon.colcon_core.verb:set package 'leap_hand' build argument 'cmake_force_configure' from command line to 'False'
[0.687s] Level 5:colcon.colcon_core.verb:set package 'leap_hand' build argument 'ament_cmake_args' from command line to 'None'
[0.687s] Level 5:colcon.colcon_core.verb:set package 'leap_hand' build argument 'catkin_cmake_args' from command line to 'None'
[0.687s] Level 5:colcon.colcon_core.verb:set package 'leap_hand' build argument 'catkin_skip_building_tests' from command line to 'False'
[0.687s] DEBUG:colcon.colcon_core.verb:Building package 'leap_hand' with the following arguments: {'ament_cmake_args': None, 'build_base': '/home/hikikomori/Project/Robotic_work/LeapHandAPI_ws/src/build/leap_hand', 'catkin_cmake_args': None, 'catkin_skip_building_tests': False, 'cmake_args': None, 'cmake_clean_cache': False, 'cmake_clean_first': False, 'cmake_force_configure': False, 'cmake_target': None, 'cmake_target_skip_unavailable': False, 'install_base': '/home/hikikomori/Project/Robotic_work/LeapHandAPI_ws/src/install/leap_hand', 'merge_install': False, 'path': '/home/hikikomori/Project/Robotic_work/LeapHandAPI_ws/src/ros2_module', 'symlink_install': True, 'test_result_base': None}
[0.687s] INFO:colcon.colcon_core.executor:Executing jobs using 'parallel' executor
[0.688s] DEBUG:colcon.colcon_parallel_executor.executor.parallel:run_until_complete
[0.689s] INFO:colcon.colcon_ros.task.ament_cmake.build:Building ROS package in '/home/hikikomori/Project/Robotic_work/LeapHandAPI_ws/src/ros2_module' with build type 'ament_cmake'
[0.689s] INFO:colcon.colcon_cmake.task.cmake.build:Building CMake package in '/home/hikikomori/Project/Robotic_work/LeapHandAPI_ws/src/ros2_module'
[0.694s] INFO:colcon.colcon_core.plugin_system:Skipping extension 'colcon_core.shell.bat': Not used on non-Windows systems
[0.694s] INFO:colcon.colcon_core.shell:Skip shell extension 'powershell' for command environment: Not usable outside of PowerShell
[0.694s] DEBUG:colcon.colcon_core.shell:Skip shell extension 'dsv' for command environment
[0.699s] DEBUG:colcon.colcon_core.event_handler.log_command:Invoking command in '/home/hikikomori/Project/Robotic_work/LeapHandAPI_ws/src/build/leap_hand': CMAKE_PREFIX_PATH=/opt/ros/humble /usr/bin/cmake /home/hikikomori/Project/Robotic_work/LeapHandAPI_ws/src/ros2_module -DAMENT_CMAKE_SYMLINK_INSTALL=1 -DCMAKE_INSTALL_PREFIX=/home/hikikomori/Project/Robotic_work/LeapHandAPI_ws/src/install/leap_hand
[2.324s] DEBUG:colcon.colcon_core.event_handler.log_command:Invoked command in '/home/hikikomori/Project/Robotic_work/LeapHandAPI_ws/src/build/leap_hand' returned '0': CMAKE_PREFIX_PATH=/opt/ros/humble /usr/bin/cmake /home/hikikomori/Project/Robotic_work/LeapHandAPI_ws/src/ros2_module -DAMENT_CMAKE_SYMLINK_INSTALL=1 -DCMAKE_INSTALL_PREFIX=/home/hikikomori/Project/Robotic_work/LeapHandAPI_ws/src/install/leap_hand
[2.324s] DEBUG:colcon.colcon_core.event_handler.log_command:Invoking command in '/home/hikikomori/Project/Robotic_work/LeapHandAPI_ws/src/build/leap_hand': CMAKE_PREFIX_PATH=/opt/ros/humble /usr/bin/cmake --build /home/hikikomori/Project/Robotic_work/LeapHandAPI_ws/src/build/leap_hand -- -j20 -l20
[4.685s] DEBUG:colcon.colcon_core.event_handler.log_command:Invoked command in '/home/hikikomori/Project/Robotic_work/LeapHandAPI_ws/src/build/leap_hand' returned '0': CMAKE_PREFIX_PATH=/opt/ros/humble /usr/bin/cmake --build /home/hikikomori/Project/Robotic_work/LeapHandAPI_ws/src/build/leap_hand -- -j20 -l20
[4.693s] DEBUG:colcon.colcon_core.event_handler.log_command:Invoking command in '/home/hikikomori/Project/Robotic_work/LeapHandAPI_ws/src/build/leap_hand': CMAKE_PREFIX_PATH=/opt/ros/humble /usr/bin/cmake --install /home/hikikomori/Project/Robotic_work/LeapHandAPI_ws/src/build/leap_hand
[5.593s] Level 1:colcon.colcon_core.environment:create_environment_scripts_only(leap_hand)
[5.593s] DEBUG:colcon.colcon_core.event_handler.log_command:Invoked command in '/home/hikikomori/Project/Robotic_work/LeapHandAPI_ws/src/build/leap_hand' returned '0': CMAKE_PREFIX_PATH=/opt/ros/humble /usr/bin/cmake --install /home/hikikomori/Project/Robotic_work/LeapHandAPI_ws/src/build/leap_hand
[5.602s] Level 1:colcon.colcon_core.environment:checking '/home/hikikomori/Project/Robotic_work/LeapHandAPI_ws/src/install/leap_hand' for CMake module files
[5.603s] Level 1:colcon.colcon_core.environment:checking '/home/hikikomori/Project/Robotic_work/LeapHandAPI_ws/src/install/leap_hand' for CMake config files
[5.604s] Level 1:colcon.colcon_core.shell:create_environment_hook('leap_hand', 'cmake_prefix_path')
[5.604s] INFO:colcon.colcon_core.shell:Creating environment hook '/home/hikikomori/Project/Robotic_work/LeapHandAPI_ws/src/install/leap_hand/share/leap_hand/hook/cmake_prefix_path.ps1'
[5.605s] INFO:colcon.colcon_core.shell:Creating environment descriptor '/home/hikikomori/Project/Robotic_work/LeapHandAPI_ws/src/install/leap_hand/share/leap_hand/hook/cmake_prefix_path.dsv'
[5.606s] INFO:colcon.colcon_core.shell:Creating environment hook '/home/hikikomori/Project/Robotic_work/LeapHandAPI_ws/src/install/leap_hand/share/leap_hand/hook/cmake_prefix_path.sh'
[5.608s] Level 1:colcon.colcon_core.environment:checking '/home/hikikomori/Project/Robotic_work/LeapHandAPI_ws/src/install/leap_hand/lib'
[5.608s] Level 1:colcon.colcon_core.shell:create_environment_hook('leap_hand', 'ld_library_path_lib')
[5.608s] INFO:colcon.colcon_core.shell:Creating environment hook '/home/hikikomori/Project/Robotic_work/LeapHandAPI_ws/src/install/leap_hand/share/leap_hand/hook/ld_library_path_lib.ps1'
[5.608s] INFO:colcon.colcon_core.shell:Creating environment descriptor '/home/hikikomori/Project/Robotic_work/LeapHandAPI_ws/src/install/leap_hand/share/leap_hand/hook/ld_library_path_lib.dsv'
[5.609s] INFO:colcon.colcon_core.shell:Creating environment hook '/home/hikikomori/Project/Robotic_work/LeapHandAPI_ws/src/install/leap_hand/share/leap_hand/hook/ld_library_path_lib.sh'
[5.609s] Level 1:colcon.colcon_core.environment:checking '/home/hikikomori/Project/Robotic_work/LeapHandAPI_ws/src/install/leap_hand/bin'
[5.609s] Level 1:colcon.colcon_core.environment:checking '/home/hikikomori/Project/Robotic_work/LeapHandAPI_ws/src/install/leap_hand/lib/pkgconfig/leap_hand.pc'
[5.609s] Level 1:colcon.colcon_core.environment:checking '/home/hikikomori/Project/Robotic_work/LeapHandAPI_ws/src/install/leap_hand/lib/python3.10/site-packages'
[5.609s] Level 1:colcon.colcon_core.environment:checking '/home/hikikomori/Project/Robotic_work/LeapHandAPI_ws/src/install/leap_hand/bin'
[5.610s] INFO:colcon.colcon_core.shell:Creating package script '/home/hikikomori/Project/Robotic_work/LeapHandAPI_ws/src/install/leap_hand/share/leap_hand/package.ps1'
[5.611s] INFO:colcon.colcon_core.shell:Creating package descriptor '/home/hikikomori/Project/Robotic_work/LeapHandAPI_ws/src/install/leap_hand/share/leap_hand/package.dsv'
[5.612s] INFO:colcon.colcon_core.shell:Creating package script '/home/hikikomori/Project/Robotic_work/LeapHandAPI_ws/src/install/leap_hand/share/leap_hand/package.sh'
[5.613s] INFO:colcon.colcon_core.shell:Creating package script '/home/hikikomori/Project/Robotic_work/LeapHandAPI_ws/src/install/leap_hand/share/leap_hand/package.bash'
[5.614s] INFO:colcon.colcon_core.shell:Creating package script '/home/hikikomori/Project/Robotic_work/LeapHandAPI_ws/src/install/leap_hand/share/leap_hand/package.zsh'
[5.615s] Level 1:colcon.colcon_core.environment:create_file_with_runtime_dependencies(/home/hikikomori/Project/Robotic_work/LeapHandAPI_ws/src/install/leap_hand/share/colcon-core/packages/leap_hand)
[5.616s] Level 1:colcon.colcon_core.environment:create_environment_scripts_only(leap_hand)
[5.616s] Level 1:colcon.colcon_core.environment:checking '/home/hikikomori/Project/Robotic_work/LeapHandAPI_ws/src/install/leap_hand' for CMake module files
[5.617s] Level 1:colcon.colcon_core.environment:checking '/home/hikikomori/Project/Robotic_work/LeapHandAPI_ws/src/install/leap_hand' for CMake config files
[5.618s] Level 1:colcon.colcon_core.shell:create_environment_hook('leap_hand', 'cmake_prefix_path')
[5.618s] INFO:colcon.colcon_core.shell:Creating environment hook '/home/hikikomori/Project/Robotic_work/LeapHandAPI_ws/src/install/leap_hand/share/leap_hand/hook/cmake_prefix_path.ps1'
[5.618s] INFO:colcon.colcon_core.shell:Creating environment descriptor '/home/hikikomori/Project/Robotic_work/LeapHandAPI_ws/src/install/leap_hand/share/leap_hand/hook/cmake_prefix_path.dsv'
[5.619s] INFO:colcon.colcon_core.shell:Creating environment hook '/home/hikikomori/Project/Robotic_work/LeapHandAPI_ws/src/install/leap_hand/share/leap_hand/hook/cmake_prefix_path.sh'
[5.619s] Level 1:colcon.colcon_core.environment:checking '/home/hikikomori/Project/Robotic_work/LeapHandAPI_ws/src/install/leap_hand/lib'
[5.619s] Level 1:colcon.colcon_core.shell:create_environment_hook('leap_hand', 'ld_library_path_lib')
[5.619s] INFO:colcon.colcon_core.shell:Creating environment hook '/home/hikikomori/Project/Robotic_work/LeapHandAPI_ws/src/install/leap_hand/share/leap_hand/hook/ld_library_path_lib.ps1'
[5.620s] INFO:colcon.colcon_core.shell:Creating environment descriptor '/home/hikikomori/Project/Robotic_work/LeapHandAPI_ws/src/install/leap_hand/share/leap_hand/hook/ld_library_path_lib.dsv'
[5.620s] INFO:colcon.colcon_core.shell:Creating environment hook '/home/hikikomori/Project/Robotic_work/LeapHandAPI_ws/src/install/leap_hand/share/leap_hand/hook/ld_library_path_lib.sh'
[5.620s] Level 1:colcon.colcon_core.environment:checking '/home/hikikomori/Project/Robotic_work/LeapHandAPI_ws/src/install/leap_hand/bin'
[5.620s] Level 1:colcon.colcon_core.environment:checking '/home/hikikomori/Project/Robotic_work/LeapHandAPI_ws/src/install/leap_hand/lib/pkgconfig/leap_hand.pc'
[5.621s] Level 1:colcon.colcon_core.environment:checking '/home/hikikomori/Project/Robotic_work/LeapHandAPI_ws/src/install/leap_hand/lib/python3.10/site-packages'
[5.621s] Level 1:colcon.colcon_core.environment:checking '/home/hikikomori/Project/Robotic_work/LeapHandAPI_ws/src/install/leap_hand/bin'
[5.621s] INFO:colcon.colcon_core.shell:Creating package script '/home/hikikomori/Project/Robotic_work/LeapHandAPI_ws/src/install/leap_hand/share/leap_hand/package.ps1'
[5.621s] INFO:colcon.colcon_core.shell:Creating package descriptor '/home/hikikomori/Project/Robotic_work/LeapHandAPI_ws/src/install/leap_hand/share/leap_hand/package.dsv'
[5.622s] INFO:colcon.colcon_core.shell:Creating package script '/home/hikikomori/Project/Robotic_work/LeapHandAPI_ws/src/install/leap_hand/share/leap_hand/package.sh'
[5.622s] INFO:colcon.colcon_core.shell:Creating package script '/home/hikikomori/Project/Robotic_work/LeapHandAPI_ws/src/install/leap_hand/share/leap_hand/package.bash'
[5.623s] INFO:colcon.colcon_core.shell:Creating package script '/home/hikikomori/Project/Robotic_work/LeapHandAPI_ws/src/install/leap_hand/share/leap_hand/package.zsh'
[5.623s] Level 1:colcon.colcon_core.environment:create_file_with_runtime_dependencies(/home/hikikomori/Project/Robotic_work/LeapHandAPI_ws/src/install/leap_hand/share/colcon-core/packages/leap_hand)
[5.623s] DEBUG:colcon.colcon_parallel_executor.executor.parallel:closing loop
[5.623s] DEBUG:colcon.colcon_parallel_executor.executor.parallel:loop closed
[5.624s] DEBUG:colcon.colcon_parallel_executor.executor.parallel:run_until_complete finished with '0'
[5.624s] DEBUG:colcon.colcon_core.event_reactor:joining thread
[5.627s] INFO:colcon.colcon_core.plugin_system:Skipping extension 'colcon_notification.desktop_notification.terminal_notifier': Not used on non-Darwin systems
[5.627s] INFO:colcon.colcon_core.plugin_system:Skipping extension 'colcon_notification.desktop_notification.win32': Not used on non-Windows systems
[5.627s] INFO:colcon.colcon_notification.desktop_notification:Sending desktop notification using 'notify2'
[5.644s] DEBUG:colcon.colcon_core.event_reactor:joined thread
[5.644s] INFO:colcon.colcon_core.shell:Creating prefix script '/home/hikikomori/Project/Robotic_work/LeapHandAPI_ws/src/install/local_setup.ps1'
[5.645s] INFO:colcon.colcon_core.shell:Creating prefix util module '/home/hikikomori/Project/Robotic_work/LeapHandAPI_ws/src/install/_local_setup_util_ps1.py'
[5.647s] INFO:colcon.colcon_core.shell:Creating prefix chain script '/home/hikikomori/Project/Robotic_work/LeapHandAPI_ws/src/install/setup.ps1'
[5.649s] INFO:colcon.colcon_core.shell:Creating prefix script '/home/hikikomori/Project/Robotic_work/LeapHandAPI_ws/src/install/local_setup.sh'
[5.650s] INFO:colcon.colcon_core.shell:Creating prefix util module '/home/hikikomori/Project/Robotic_work/LeapHandAPI_ws/src/install/_local_setup_util_sh.py'
[5.650s] INFO:colcon.colcon_core.shell:Creating prefix chain script '/home/hikikomori/Project/Robotic_work/LeapHandAPI_ws/src/install/setup.sh'
[5.652s] INFO:colcon.colcon_core.shell:Creating prefix script '/home/hikikomori/Project/Robotic_work/LeapHandAPI_ws/src/install/local_setup.bash'
[5.652s] INFO:colcon.colcon_core.shell:Creating prefix chain script '/home/hikikomori/Project/Robotic_work/LeapHandAPI_ws/src/install/setup.bash'
[5.654s] INFO:colcon.colcon_core.shell:Creating prefix script '/home/hikikomori/Project/Robotic_work/LeapHandAPI_ws/src/install/local_setup.zsh'
[5.655s] INFO:colcon.colcon_core.shell:Creating prefix chain script '/home/hikikomori/Project/Robotic_work/LeapHandAPI_ws/src/install/setup.zsh'
